<?xml version="1.0" encoding="utf-8"?>
<shfbBuild product="Sandcastle Help File Builder" version="1.9.7.0" projectFile="C:\SandBox\MSBuildCodeMetrics-0.1\doc\MSBuildCodeMetrics.shfbproj" started="19/05/2013 17:13:42">
<buildStep step="Initializing">
Finding tools...
Found Sandcastle tools in &#39;C:\Program Files (x86)\Sandcastle\&#39;
Searching for HTML Help 1 compiler...
Found HTML Help 1 compiler in &#39;C:\Program Files (x86)\HTML Help Workshop\&#39;
</buildStep>
<buildStep step="ClearWorkFolder">
Clearing working folder...
</buildStep>
<buildStep step="ValidatingDocumentationSources">
Validating and copying documentation source information
Source: C:\SandBox\MSBuildCodeMetrics-0.1\src\MSBuildCodeMetrics.Core\bin\Debug\MSBuildCodeMetrics.Core.dll
    Found assembly &#39;C:\SandBox\MSBuildCodeMetrics-0.1\src\MSBuildCodeMetrics.Core\bin\Debug\MSBuildCodeMetrics.Core.dll&#39;
Source: C:\SandBox\MSBuildCodeMetrics-0.1\src\MSBuildCodeMetrics.Core.Providers\bin\Debug\MSBuildCodeMetrics.Core.Providers.dll
    Found assembly &#39;C:\SandBox\MSBuildCodeMetrics-0.1\src\MSBuildCodeMetrics.Core.Providers\bin\Debug\MSBuildCodeMetrics.Core.Providers.dll&#39;
Source: C:\SandBox\MSBuildCodeMetrics-0.1\src\MSBuildCodeMetrics.Core.Providers\bin\Debug\MSBuildCodeMetrics.Core.Providers.XML
Source: C:\SandBox\MSBuildCodeMetrics-0.1\src\MSBuildCodeMetrics.Core\bin\Debug\MSBuildCodeMetrics.Core.XML
Source: C:\SandBox\MSBuildCodeMetrics-0.1\src\MSBuildCodeMetrics.Tasks\bin\Debug\MSBuildCodeMetrics.Tasks.dll
    Found assembly &#39;C:\SandBox\MSBuildCodeMetrics-0.1\src\MSBuildCodeMetrics.Tasks\bin\Debug\MSBuildCodeMetrics.Tasks.dll&#39;
Source: C:\SandBox\MSBuildCodeMetrics-0.1\src\MSBuildCodeMetrics.Tasks\bin\Debug\MSBuildCodeMetrics.Tasks.XML
Source: C:\SandBox\MSBuildCodeMetrics-0.1\src\MSBuildCodeMetrics.VisualStudioMetrics\MSBuildCodeMetrics.VisualStudioMetrics.csproj
    Found project &#39;C:\SandBox\MSBuildCodeMetrics-0.1\src\MSBuildCodeMetrics.VisualStudioMetrics\MSBuildCodeMetrics.VisualStudioMetrics.csproj&#39;

Parsing project files
    Found assembly &#39;C:\SandBox\MSBuildCodeMetrics-0.1\src\MSBuildCodeMetrics.VisualStudioMetrics\bin\Release\MSBuildCodeMetrics.VisualStudioMetrics.dll&#39;

References to include (excluding framework assemblies):
    None

Copying XML comments files
    C:\SandBox\MSBuildCodeMetrics-0.1\src\MSBuildCodeMetrics.Core.Providers\bin\Debug\MSBuildCodeMetrics.Core.Providers.XML -&gt; C:\SandBox\MSBuildCodeMetrics-0.1\doc\Help\Working\MSBuildCodeMetrics.Core.Providers.XML
    C:\SandBox\MSBuildCodeMetrics-0.1\src\MSBuildCodeMetrics.Core\bin\Debug\MSBuildCodeMetrics.Core.XML -&gt; C:\SandBox\MSBuildCodeMetrics-0.1\doc\Help\Working\MSBuildCodeMetrics.Core.XML
    C:\SandBox\MSBuildCodeMetrics-0.1\src\MSBuildCodeMetrics.Tasks\bin\Debug\MSBuildCodeMetrics.Tasks.XML -&gt; C:\SandBox\MSBuildCodeMetrics-0.1\doc\Help\Working\MSBuildCodeMetrics.Tasks.XML
</buildStep>
<buildStep step="GenerateSharedContent">
Generating shared content files (en-US, Ingl&#234;s (Estados Unidos))...
    Last step completed in 00:00:00.0280
</buildStep>
<buildStep step="GenerateApiFilter">
Generating API filter for MRefBuilder...
    Last step completed in 00:00:00.0150
</buildStep>
<buildStep step="GenerateReflectionInfo">
Generating reflection information...
[c:\windows\Microsoft.NET\Framework\v4.0.30319\MSBuild.exe]
  MRefBuilder (v2.7.3.0)
  Copyright &#169; 2006-2013, Microsoft Corporation, All Rights Reserved.
  Portions Copyright &#169; 2006-2013, Eric Woodruff, All Rights Reserved.
  Info: Loaded 4 assemblies for reflection and 0 dependency assemblies.
  Info: Wrote information on 7 namespaces, 44 types, and 189 members
  XslTransform (v2.7.3.0)
  Copyright &#169; 2006-2013, Microsoft Corporation, All Rights Reserved.
  Portions Copyright &#169; 2006-2013, Eric Woodruff, All Rights Reserved.
  Info: Applying XSL transformation &#39;C:\Program Files (x86)\Sandcastle\ProductionTransforms\MergeDuplicates.xsl&#39;.
    Last step completed in 00:00:01.4201
</buildStep>
<buildStep step="GenerateNamespaceSummaries">
Generating namespace summary information...
    Last step completed in 00:00:00.0040
</buildStep>
<buildStep step="ApplyVisibilityProperties">
Applying visibility properties to reflection information file
    35 attribute nodes removed
    0 explicit interface implementations removed
    56 local and base class EII elements removed
    Last step completed in 00:00:00.0360
</buildStep>
<buildStep step="TransformReflectionInfo">
Transforming reflection output...
[c:\windows\Microsoft.NET\Framework\v4.0.30319\MSBuild.exe]
  XslTransform (v2.7.3.0)
  Copyright &#169; 2006-2013, Microsoft Corporation, All Rights Reserved.
  Portions Copyright &#169; 2006-2013, Eric Woodruff, All Rights Reserved.
  Info: Applying XSL transformation &#39;C:\Program Files (x86)\Sandcastle\\ProductionTransforms\ApplyVSDocModel.xsl&#39;.
  Info: Applying XSL transformation &#39;C:\Program Files (x86)\Sandcastle\ProductionTransforms\AddGuidFilenames.xsl&#39;.
  XslTransform (v2.7.3.0)
  Copyright &#169; 2006-2013, Microsoft Corporation, All Rights Reserved.
  Portions Copyright &#169; 2006-2013, Eric Woodruff, All Rights Reserved.
  Info: Applying XSL transformation &#39;C:\Program Files (x86)\Sandcastle\ProductionTransforms\ReflectionToManifest.xsl&#39;.
    Last step completed in 00:00:01.5021
</buildStep>
<buildStep step="ModifyHelpTopicFilenames">
Modifying help topic filenames in reflection information file
    No changes required
    Last step completed in 00:00:00.0200
</buildStep>
<buildStep step="CopyStandardContent">
Copying standard help content...
C:\Program Files (x86)\Sandcastle\\Presentation\VS2010\icons\1_404_bullet.gif -&gt; C:\SandBox\MSBuildCodeMetrics-0.1\doc\Help\Working\Output\HtmlHelp1\icons\1_404_bullet.gif
C:\Program Files (x86)\Sandcastle\\Presentation\VS2010\icons\2_404_bullet.gif -&gt; C:\SandBox\MSBuildCodeMetrics-0.1\doc\Help\Working\Output\HtmlHelp1\icons\2_404_bullet.gif
C:\Program Files (x86)\Sandcastle\\Presentation\VS2010\icons\alert_caution.gif -&gt; C:\SandBox\MSBuildCodeMetrics-0.1\doc\Help\Working\Output\HtmlHelp1\icons\alert_caution.gif
C:\Program Files (x86)\Sandcastle\\Presentation\VS2010\icons\alert_note.gif -&gt; C:\SandBox\MSBuildCodeMetrics-0.1\doc\Help\Working\Output\HtmlHelp1\icons\alert_note.gif
C:\Program Files (x86)\Sandcastle\\Presentation\VS2010\icons\alert_security.gif -&gt; C:\SandBox\MSBuildCodeMetrics-0.1\doc\Help\Working\Output\HtmlHelp1\icons\alert_security.gif
C:\Program Files (x86)\Sandcastle\\Presentation\VS2010\icons\CFW.gif -&gt; C:\SandBox\MSBuildCodeMetrics-0.1\doc\Help\Working\Output\HtmlHelp1\icons\CFW.gif
C:\Program Files (x86)\Sandcastle\\Presentation\VS2010\icons\close.gif -&gt; C:\SandBox\MSBuildCodeMetrics-0.1\doc\Help\Working\Output\HtmlHelp1\icons\close.gif
C:\Program Files (x86)\Sandcastle\\Presentation\VS2010\icons\favicon.ico -&gt; C:\SandBox\MSBuildCodeMetrics-0.1\doc\Help\Working\Output\HtmlHelp1\icons\favicon.ico
C:\Program Files (x86)\Sandcastle\\Presentation\VS2010\icons\footer_slice.gif -&gt; C:\SandBox\MSBuildCodeMetrics-0.1\doc\Help\Working\Output\HtmlHelp1\icons\footer_slice.gif
C:\Program Files (x86)\Sandcastle\\Presentation\VS2010\icons\info_icon.gif -&gt; C:\SandBox\MSBuildCodeMetrics-0.1\doc\Help\Working\Output\HtmlHelp1\icons\info_icon.gif
C:\Program Files (x86)\Sandcastle\\Presentation\VS2010\icons\note.gif -&gt; C:\SandBox\MSBuildCodeMetrics-0.1\doc\Help\Working\Output\HtmlHelp1\icons\note.gif
C:\Program Files (x86)\Sandcastle\\Presentation\VS2010\icons\online_icon.gif -&gt; C:\SandBox\MSBuildCodeMetrics-0.1\doc\Help\Working\Output\HtmlHelp1\icons\online_icon.gif
C:\Program Files (x86)\Sandcastle\\Presentation\VS2010\icons\open.gif -&gt; C:\SandBox\MSBuildCodeMetrics-0.1\doc\Help\Working\Output\HtmlHelp1\icons\open.gif
C:\Program Files (x86)\Sandcastle\\Presentation\VS2010\icons\pencil.GIF -&gt; C:\SandBox\MSBuildCodeMetrics-0.1\doc\Help\Working\Output\HtmlHelp1\icons\pencil.GIF
C:\Program Files (x86)\Sandcastle\\Presentation\VS2010\icons\privclass.gif -&gt; C:\SandBox\MSBuildCodeMetrics-0.1\doc\Help\Working\Output\HtmlHelp1\icons\privclass.gif
C:\Program Files (x86)\Sandcastle\\Presentation\VS2010\icons\privdelegate.gif -&gt; C:\SandBox\MSBuildCodeMetrics-0.1\doc\Help\Working\Output\HtmlHelp1\icons\privdelegate.gif
C:\Program Files (x86)\Sandcastle\\Presentation\VS2010\icons\privenumeration.gif -&gt; C:\SandBox\MSBuildCodeMetrics-0.1\doc\Help\Working\Output\HtmlHelp1\icons\privenumeration.gif
C:\Program Files (x86)\Sandcastle\\Presentation\VS2010\icons\privevent.gif -&gt; C:\SandBox\MSBuildCodeMetrics-0.1\doc\Help\Working\Output\HtmlHelp1\icons\privevent.gif
C:\Program Files (x86)\Sandcastle\\Presentation\VS2010\icons\privextension.gif -&gt; C:\SandBox\MSBuildCodeMetrics-0.1\doc\Help\Working\Output\HtmlHelp1\icons\privextension.gif
C:\Program Files (x86)\Sandcastle\\Presentation\VS2010\icons\privfield.gif -&gt; C:\SandBox\MSBuildCodeMetrics-0.1\doc\Help\Working\Output\HtmlHelp1\icons\privfield.gif
C:\Program Files (x86)\Sandcastle\\Presentation\VS2010\icons\privinterface.gif -&gt; C:\SandBox\MSBuildCodeMetrics-0.1\doc\Help\Working\Output\HtmlHelp1\icons\privinterface.gif
C:\Program Files (x86)\Sandcastle\\Presentation\VS2010\icons\privmethod.gif -&gt; C:\SandBox\MSBuildCodeMetrics-0.1\doc\Help\Working\Output\HtmlHelp1\icons\privmethod.gif
C:\Program Files (x86)\Sandcastle\\Presentation\VS2010\icons\privproperty.gif -&gt; C:\SandBox\MSBuildCodeMetrics-0.1\doc\Help\Working\Output\HtmlHelp1\icons\privproperty.gif
C:\Program Files (x86)\Sandcastle\\Presentation\VS2010\icons\privstructure.gif -&gt; C:\SandBox\MSBuildCodeMetrics-0.1\doc\Help\Working\Output\HtmlHelp1\icons\privstructure.gif
C:\Program Files (x86)\Sandcastle\\Presentation\VS2010\icons\protclass.gif -&gt; C:\SandBox\MSBuildCodeMetrics-0.1\doc\Help\Working\Output\HtmlHelp1\icons\protclass.gif
C:\Program Files (x86)\Sandcastle\\Presentation\VS2010\icons\protdelegate.gif -&gt; C:\SandBox\MSBuildCodeMetrics-0.1\doc\Help\Working\Output\HtmlHelp1\icons\protdelegate.gif
C:\Program Files (x86)\Sandcastle\\Presentation\VS2010\icons\protenumeration.gif -&gt; C:\SandBox\MSBuildCodeMetrics-0.1\doc\Help\Working\Output\HtmlHelp1\icons\protenumeration.gif
C:\Program Files (x86)\Sandcastle\\Presentation\VS2010\icons\protevent.gif -&gt; C:\SandBox\MSBuildCodeMetrics-0.1\doc\Help\Working\Output\HtmlHelp1\icons\protevent.gif
C:\Program Files (x86)\Sandcastle\\Presentation\VS2010\icons\protextension.gif -&gt; C:\SandBox\MSBuildCodeMetrics-0.1\doc\Help\Working\Output\HtmlHelp1\icons\protextension.gif
C:\Program Files (x86)\Sandcastle\\Presentation\VS2010\icons\protfield.gif -&gt; C:\SandBox\MSBuildCodeMetrics-0.1\doc\Help\Working\Output\HtmlHelp1\icons\protfield.gif
C:\Program Files (x86)\Sandcastle\\Presentation\VS2010\icons\protinterface.gif -&gt; C:\SandBox\MSBuildCodeMetrics-0.1\doc\Help\Working\Output\HtmlHelp1\icons\protinterface.gif
C:\Program Files (x86)\Sandcastle\\Presentation\VS2010\icons\protmethod.gif -&gt; C:\SandBox\MSBuildCodeMetrics-0.1\doc\Help\Working\Output\HtmlHelp1\icons\protmethod.gif
C:\Program Files (x86)\Sandcastle\\Presentation\VS2010\icons\protoperator.gif -&gt; C:\SandBox\MSBuildCodeMetrics-0.1\doc\Help\Working\Output\HtmlHelp1\icons\protoperator.gif
C:\Program Files (x86)\Sandcastle\\Presentation\VS2010\icons\protproperty.gif -&gt; C:\SandBox\MSBuildCodeMetrics-0.1\doc\Help\Working\Output\HtmlHelp1\icons\protproperty.gif
C:\Program Files (x86)\Sandcastle\\Presentation\VS2010\icons\protstructure.gif -&gt; C:\SandBox\MSBuildCodeMetrics-0.1\doc\Help\Working\Output\HtmlHelp1\icons\protstructure.gif
C:\Program Files (x86)\Sandcastle\\Presentation\VS2010\icons\pubclass.gif -&gt; C:\SandBox\MSBuildCodeMetrics-0.1\doc\Help\Working\Output\HtmlHelp1\icons\pubclass.gif
C:\Program Files (x86)\Sandcastle\\Presentation\VS2010\icons\pubdelegate.gif -&gt; C:\SandBox\MSBuildCodeMetrics-0.1\doc\Help\Working\Output\HtmlHelp1\icons\pubdelegate.gif
C:\Program Files (x86)\Sandcastle\\Presentation\VS2010\icons\pubenumeration.gif -&gt; C:\SandBox\MSBuildCodeMetrics-0.1\doc\Help\Working\Output\HtmlHelp1\icons\pubenumeration.gif
C:\Program Files (x86)\Sandcastle\\Presentation\VS2010\icons\pubevent.gif -&gt; C:\SandBox\MSBuildCodeMetrics-0.1\doc\Help\Working\Output\HtmlHelp1\icons\pubevent.gif
C:\Program Files (x86)\Sandcastle\\Presentation\VS2010\icons\pubextension.gif -&gt; C:\SandBox\MSBuildCodeMetrics-0.1\doc\Help\Working\Output\HtmlHelp1\icons\pubextension.gif
C:\Program Files (x86)\Sandcastle\\Presentation\VS2010\icons\pubfield.gif -&gt; C:\SandBox\MSBuildCodeMetrics-0.1\doc\Help\Working\Output\HtmlHelp1\icons\pubfield.gif
C:\Program Files (x86)\Sandcastle\\Presentation\VS2010\icons\pubinterface.gif -&gt; C:\SandBox\MSBuildCodeMetrics-0.1\doc\Help\Working\Output\HtmlHelp1\icons\pubinterface.gif
C:\Program Files (x86)\Sandcastle\\Presentation\VS2010\icons\pubmethod.gif -&gt; C:\SandBox\MSBuildCodeMetrics-0.1\doc\Help\Working\Output\HtmlHelp1\icons\pubmethod.gif
C:\Program Files (x86)\Sandcastle\\Presentation\VS2010\icons\puboperator.gif -&gt; C:\SandBox\MSBuildCodeMetrics-0.1\doc\Help\Working\Output\HtmlHelp1\icons\puboperator.gif
C:\Program Files (x86)\Sandcastle\\Presentation\VS2010\icons\pubproperty.gif -&gt; C:\SandBox\MSBuildCodeMetrics-0.1\doc\Help\Working\Output\HtmlHelp1\icons\pubproperty.gif
C:\Program Files (x86)\Sandcastle\\Presentation\VS2010\icons\pubstructure.gif -&gt; C:\SandBox\MSBuildCodeMetrics-0.1\doc\Help\Working\Output\HtmlHelp1\icons\pubstructure.gif
C:\Program Files (x86)\Sandcastle\\Presentation\VS2010\icons\search.gif -&gt; C:\SandBox\MSBuildCodeMetrics-0.1\doc\Help\Working\Output\HtmlHelp1\icons\search.gif
C:\Program Files (x86)\Sandcastle\\Presentation\VS2010\icons\search_bk.gif -&gt; C:\SandBox\MSBuildCodeMetrics-0.1\doc\Help\Working\Output\HtmlHelp1\icons\search_bk.gif
C:\Program Files (x86)\Sandcastle\\Presentation\VS2010\icons\security.gif -&gt; C:\SandBox\MSBuildCodeMetrics-0.1\doc\Help\Working\Output\HtmlHelp1\icons\security.gif
C:\Program Files (x86)\Sandcastle\\Presentation\VS2010\icons\slMobile.gif -&gt; C:\SandBox\MSBuildCodeMetrics-0.1\doc\Help\Working\Output\HtmlHelp1\icons\slMobile.gif
C:\Program Files (x86)\Sandcastle\\Presentation\VS2010\icons\static.gif -&gt; C:\SandBox\MSBuildCodeMetrics-0.1\doc\Help\Working\Output\HtmlHelp1\icons\static.gif
C:\Program Files (x86)\Sandcastle\\Presentation\VS2010\icons\tabLeftBG.gif -&gt; C:\SandBox\MSBuildCodeMetrics-0.1\doc\Help\Working\Output\HtmlHelp1\icons\tabLeftBG.gif
C:\Program Files (x86)\Sandcastle\\Presentation\VS2010\icons\tabRightBG.gif -&gt; C:\SandBox\MSBuildCodeMetrics-0.1\doc\Help\Working\Output\HtmlHelp1\icons\tabRightBG.gif
C:\Program Files (x86)\Sandcastle\\Presentation\VS2010\icons\ui_om_collapse.gif -&gt; C:\SandBox\MSBuildCodeMetrics-0.1\doc\Help\Working\Output\HtmlHelp1\icons\ui_om_collapse.gif
C:\Program Files (x86)\Sandcastle\\Presentation\VS2010\icons\ui_om_expand.gif -&gt; C:\SandBox\MSBuildCodeMetrics-0.1\doc\Help\Working\Output\HtmlHelp1\icons\ui_om_expand.gif
C:\Program Files (x86)\Sandcastle\\Presentation\VS2010\icons\xna.gif -&gt; C:\SandBox\MSBuildCodeMetrics-0.1\doc\Help\Working\Output\HtmlHelp1\icons\xna.gif
C:\Program Files (x86)\Sandcastle\\Presentation\VS2010\scripts\branding.js -&gt; C:\SandBox\MSBuildCodeMetrics-0.1\doc\Help\Working\Output\HtmlHelp1\scripts\branding.js
C:\Program Files (x86)\Sandcastle\\Presentation\VS2010\styles\branding-cs-CZ.css -&gt; C:\SandBox\MSBuildCodeMetrics-0.1\doc\Help\Working\Output\HtmlHelp1\styles\branding-cs-CZ.css
C:\Program Files (x86)\Sandcastle\\Presentation\VS2010\styles\branding-de-DE.css -&gt; C:\SandBox\MSBuildCodeMetrics-0.1\doc\Help\Working\Output\HtmlHelp1\styles\branding-de-DE.css
C:\Program Files (x86)\Sandcastle\\Presentation\VS2010\styles\branding-en-US.css -&gt; C:\SandBox\MSBuildCodeMetrics-0.1\doc\Help\Working\Output\HtmlHelp1\styles\branding-en-US.css
C:\Program Files (x86)\Sandcastle\\Presentation\VS2010\styles\branding-es-ES.css -&gt; C:\SandBox\MSBuildCodeMetrics-0.1\doc\Help\Working\Output\HtmlHelp1\styles\branding-es-ES.css
C:\Program Files (x86)\Sandcastle\\Presentation\VS2010\styles\branding-fr-FR.css -&gt; C:\SandBox\MSBuildCodeMetrics-0.1\doc\Help\Working\Output\HtmlHelp1\styles\branding-fr-FR.css
C:\Program Files (x86)\Sandcastle\\Presentation\VS2010\styles\branding-it-IT.css -&gt; C:\SandBox\MSBuildCodeMetrics-0.1\doc\Help\Working\Output\HtmlHelp1\styles\branding-it-IT.css
C:\Program Files (x86)\Sandcastle\\Presentation\VS2010\styles\branding-ja-JP.css -&gt; C:\SandBox\MSBuildCodeMetrics-0.1\doc\Help\Working\Output\HtmlHelp1\styles\branding-ja-JP.css
C:\Program Files (x86)\Sandcastle\\Presentation\VS2010\styles\branding-ko-KR.css -&gt; C:\SandBox\MSBuildCodeMetrics-0.1\doc\Help\Working\Output\HtmlHelp1\styles\branding-ko-KR.css
C:\Program Files (x86)\Sandcastle\\Presentation\VS2010\styles\branding-pl-PL.css -&gt; C:\SandBox\MSBuildCodeMetrics-0.1\doc\Help\Working\Output\HtmlHelp1\styles\branding-pl-PL.css
C:\Program Files (x86)\Sandcastle\\Presentation\VS2010\styles\branding-pt-BR.css -&gt; C:\SandBox\MSBuildCodeMetrics-0.1\doc\Help\Working\Output\HtmlHelp1\styles\branding-pt-BR.css
C:\Program Files (x86)\Sandcastle\\Presentation\VS2010\styles\branding-ru-RU.css -&gt; C:\SandBox\MSBuildCodeMetrics-0.1\doc\Help\Working\Output\HtmlHelp1\styles\branding-ru-RU.css
C:\Program Files (x86)\Sandcastle\\Presentation\VS2010\styles\branding-tr-TR.css -&gt; C:\SandBox\MSBuildCodeMetrics-0.1\doc\Help\Working\Output\HtmlHelp1\styles\branding-tr-TR.css
C:\Program Files (x86)\Sandcastle\\Presentation\VS2010\styles\branding-zh-CN.css -&gt; C:\SandBox\MSBuildCodeMetrics-0.1\doc\Help\Working\Output\HtmlHelp1\styles\branding-zh-CN.css
C:\Program Files (x86)\Sandcastle\\Presentation\VS2010\styles\branding-zh-TW.css -&gt; C:\SandBox\MSBuildCodeMetrics-0.1\doc\Help\Working\Output\HtmlHelp1\styles\branding-zh-TW.css
C:\Program Files (x86)\Sandcastle\\Presentation\VS2010\styles\branding.css -&gt; C:\SandBox\MSBuildCodeMetrics-0.1\doc\Help\Working\Output\HtmlHelp1\styles\branding.css
Copying help branding...
C:\Program Files (x86)\Sandcastle\\Presentation\VS2010\branding\dev10.mshc -&gt; C:\SandBox\MSBuildCodeMetrics-0.1\doc\Help\Working\Output\HtmlHelp1\branding\
C:\Program Files (x86)\Sandcastle\\Presentation\VS2010\branding\dev10.mshc -&gt; C:\SandBox\MSBuildCodeMetrics-0.1\doc\Help\Working\branding
    C:\Program Files (x86)\Sandcastle\\Presentation\VS2010\branding\dev10.mshc/body.xslt -> C:\SandBox\MSBuildCodeMetrics-0.1\doc\Help\Working\branding\body.xslt
    C:\Program Files (x86)\Sandcastle\\Presentation\VS2010\branding\dev10.mshc/head.xslt -> C:\SandBox\MSBuildCodeMetrics-0.1\doc\Help\Working\branding\head.xslt
    C:\Program Files (x86)\Sandcastle\\Presentation\VS2010\branding\dev10.mshc/CodeSnippet.xslt -> C:\SandBox\MSBuildCodeMetrics-0.1\doc\Help\Working\branding\CodeSnippet.xslt
    C:\Program Files (x86)\Sandcastle\\Presentation\VS2010\branding\dev10.mshc/codesnippet-cs-CZ.xslt -> C:\SandBox\MSBuildCodeMetrics-0.1\doc\Help\Working\branding\codesnippet-cs-CZ.xslt
    C:\Program Files (x86)\Sandcastle\\Presentation\VS2010\branding\dev10.mshc/codesnippet-de-DE.xslt -> C:\SandBox\MSBuildCodeMetrics-0.1\doc\Help\Working\branding\codesnippet-de-DE.xslt
    C:\Program Files (x86)\Sandcastle\\Presentation\VS2010\branding\dev10.mshc/codesnippet-en-US.xslt -> C:\SandBox\MSBuildCodeMetrics-0.1\doc\Help\Working\branding\codesnippet-en-US.xslt
    C:\Program Files (x86)\Sandcastle\\Presentation\VS2010\branding\dev10.mshc/codesnippet-es-ES.xslt -> C:\SandBox\MSBuildCodeMetrics-0.1\doc\Help\Working\branding\codesnippet-es-ES.xslt
    C:\Program Files (x86)\Sandcastle\\Presentation\VS2010\branding\dev10.mshc/codesnippet-fr-FR.xslt -> C:\SandBox\MSBuildCodeMetrics-0.1\doc\Help\Working\branding\codesnippet-fr-FR.xslt
    C:\Program Files (x86)\Sandcastle\\Presentation\VS2010\branding\dev10.mshc/codesnippet-it-IT.xslt -> C:\SandBox\MSBuildCodeMetrics-0.1\doc\Help\Working\branding\codesnippet-it-IT.xslt
    C:\Program Files (x86)\Sandcastle\\Presentation\VS2010\branding\dev10.mshc/codesnippet-ja-JP.xslt -> C:\SandBox\MSBuildCodeMetrics-0.1\doc\Help\Working\branding\codesnippet-ja-JP.xslt
    C:\Program Files (x86)\Sandcastle\\Presentation\VS2010\branding\dev10.mshc/codesnippet-ko-KR.xslt -> C:\SandBox\MSBuildCodeMetrics-0.1\doc\Help\Working\branding\codesnippet-ko-KR.xslt
    C:\Program Files (x86)\Sandcastle\\Presentation\VS2010\branding\dev10.mshc/codesnippet-pl-PL.xslt -> C:\SandBox\MSBuildCodeMetrics-0.1\doc\Help\Working\branding\codesnippet-pl-PL.xslt
    C:\Program Files (x86)\Sandcastle\\Presentation\VS2010\branding\dev10.mshc/codesnippet-pt-BR.xslt -> C:\SandBox\MSBuildCodeMetrics-0.1\doc\Help\Working\branding\codesnippet-pt-BR.xslt
    C:\Program Files (x86)\Sandcastle\\Presentation\VS2010\branding\dev10.mshc/codesnippet-ru-RU.xslt -> C:\SandBox\MSBuildCodeMetrics-0.1\doc\Help\Working\branding\codesnippet-ru-RU.xslt
    C:\Program Files (x86)\Sandcastle\\Presentation\VS2010\branding\dev10.mshc/codesnippet-tr-TR.xslt -> C:\SandBox\MSBuildCodeMetrics-0.1\doc\Help\Working\branding\codesnippet-tr-TR.xslt
    C:\Program Files (x86)\Sandcastle\\Presentation\VS2010\branding\dev10.mshc/codesnippet-zh-CN.xslt -> C:\SandBox\MSBuildCodeMetrics-0.1\doc\Help\Working\branding\codesnippet-zh-CN.xslt
    C:\Program Files (x86)\Sandcastle\\Presentation\VS2010\branding\dev10.mshc/codesnippet-zh-TW.xslt -> C:\SandBox\MSBuildCodeMetrics-0.1\doc\Help\Working\branding\codesnippet-zh-TW.xslt
    C:\Program Files (x86)\Sandcastle\\Presentation\VS2010\branding\dev10.mshc/Identity.xslt -> C:\SandBox\MSBuildCodeMetrics-0.1\doc\Help\Working\branding\Identity.xslt
    C:\Program Files (x86)\Sandcastle\\Presentation\VS2010\branding\dev10.mshc/InstrumentedLink.xslt -> C:\SandBox\MSBuildCodeMetrics-0.1\doc\Help\Working\branding\InstrumentedLink.xslt
    C:\Program Files (x86)\Sandcastle\\Presentation\VS2010\branding\dev10.mshc/instrumentedlink-cs-CZ.xslt -> C:\SandBox\MSBuildCodeMetrics-0.1\doc\Help\Working\branding\instrumentedlink-cs-CZ.xslt
    C:\Program Files (x86)\Sandcastle\\Presentation\VS2010\branding\dev10.mshc/instrumentedlink-de-DE.xslt -> C:\SandBox\MSBuildCodeMetrics-0.1\doc\Help\Working\branding\instrumentedlink-de-DE.xslt
    C:\Program Files (x86)\Sandcastle\\Presentation\VS2010\branding\dev10.mshc/instrumentedlink-en-US.xslt -> C:\SandBox\MSBuildCodeMetrics-0.1\doc\Help\Working\branding\instrumentedlink-en-US.xslt
    C:\Program Files (x86)\Sandcastle\\Presentation\VS2010\branding\dev10.mshc/instrumentedlink-es-ES.xslt -> C:\SandBox\MSBuildCodeMetrics-0.1\doc\Help\Working\branding\instrumentedlink-es-ES.xslt
    C:\Program Files (x86)\Sandcastle\\Presentation\VS2010\branding\dev10.mshc/instrumentedlink-fr-FR.xslt -> C:\SandBox\MSBuildCodeMetrics-0.1\doc\Help\Working\branding\instrumentedlink-fr-FR.xslt
    C:\Program Files (x86)\Sandcastle\\Presentation\VS2010\branding\dev10.mshc/instrumentedlink-it-IT.xslt -> C:\SandBox\MSBuildCodeMetrics-0.1\doc\Help\Working\branding\instrumentedlink-it-IT.xslt
    C:\Program Files (x86)\Sandcastle\\Presentation\VS2010\branding\dev10.mshc/instrumentedlink-ja-JP.xslt -> C:\SandBox\MSBuildCodeMetrics-0.1\doc\Help\Working\branding\instrumentedlink-ja-JP.xslt
    C:\Program Files (x86)\Sandcastle\\Presentation\VS2010\branding\dev10.mshc/instrumentedlink-ko-KR.xslt -> C:\SandBox\MSBuildCodeMetrics-0.1\doc\Help\Working\branding\instrumentedlink-ko-KR.xslt
    C:\Program Files (x86)\Sandcastle\\Presentation\VS2010\branding\dev10.mshc/instrumentedlink-pl-PL.xslt -> C:\SandBox\MSBuildCodeMetrics-0.1\doc\Help\Working\branding\instrumentedlink-pl-PL.xslt
    C:\Program Files (x86)\Sandcastle\\Presentation\VS2010\branding\dev10.mshc/instrumentedlink-pt-BR.xslt -> C:\SandBox\MSBuildCodeMetrics-0.1\doc\Help\Working\branding\instrumentedlink-pt-BR.xslt
    C:\Program Files (x86)\Sandcastle\\Presentation\VS2010\branding\dev10.mshc/instrumentedlink-ru-RU.xslt -> C:\SandBox\MSBuildCodeMetrics-0.1\doc\Help\Working\branding\instrumentedlink-ru-RU.xslt
    C:\Program Files (x86)\Sandcastle\\Presentation\VS2010\branding\dev10.mshc/instrumentedlink-tr-TR.xslt -> C:\SandBox\MSBuildCodeMetrics-0.1\doc\Help\Working\branding\instrumentedlink-tr-TR.xslt
    C:\Program Files (x86)\Sandcastle\\Presentation\VS2010\branding\dev10.mshc/instrumentedlink-zh-CN.xslt -> C:\SandBox\MSBuildCodeMetrics-0.1\doc\Help\Working\branding\instrumentedlink-zh-CN.xslt
    C:\Program Files (x86)\Sandcastle\\Presentation\VS2010\branding\dev10.mshc/instrumentedlink-zh-TW.xslt -> C:\SandBox\MSBuildCodeMetrics-0.1\doc\Help\Working\branding\instrumentedlink-zh-TW.xslt
    C:\Program Files (x86)\Sandcastle\\Presentation\VS2010\branding\dev10.mshc/LanguageSpecificText.xslt -> C:\SandBox\MSBuildCodeMetrics-0.1\doc\Help\Working\branding\LanguageSpecificText.xslt
    C:\Program Files (x86)\Sandcastle\\Presentation\VS2010\branding\dev10.mshc/MultiViewTable.xslt -> C:\SandBox\MSBuildCodeMetrics-0.1\doc\Help\Working\branding\MultiViewTable.xslt
    C:\Program Files (x86)\Sandcastle\\Presentation\VS2010\branding\dev10.mshc/MultiViewTable-cs-CZ.xslt -> C:\SandBox\MSBuildCodeMetrics-0.1\doc\Help\Working\branding\MultiViewTable-cs-CZ.xslt
    C:\Program Files (x86)\Sandcastle\\Presentation\VS2010\branding\dev10.mshc/MultiViewTable-de-DE.xslt -> C:\SandBox\MSBuildCodeMetrics-0.1\doc\Help\Working\branding\MultiViewTable-de-DE.xslt
    C:\Program Files (x86)\Sandcastle\\Presentation\VS2010\branding\dev10.mshc/MultiViewTable-en-US.xslt -> C:\SandBox\MSBuildCodeMetrics-0.1\doc\Help\Working\branding\MultiViewTable-en-US.xslt
    C:\Program Files (x86)\Sandcastle\\Presentation\VS2010\branding\dev10.mshc/MultiViewTable-es-ES.xslt -> C:\SandBox\MSBuildCodeMetrics-0.1\doc\Help\Working\branding\MultiViewTable-es-ES.xslt
    C:\Program Files (x86)\Sandcastle\\Presentation\VS2010\branding\dev10.mshc/MultiViewTable-fr-FR.xslt -> C:\SandBox\MSBuildCodeMetrics-0.1\doc\Help\Working\branding\MultiViewTable-fr-FR.xslt
    C:\Program Files (x86)\Sandcastle\\Presentation\VS2010\branding\dev10.mshc/MultiViewTable-it-IT.xslt -> C:\SandBox\MSBuildCodeMetrics-0.1\doc\Help\Working\branding\MultiViewTable-it-IT.xslt
    C:\Program Files (x86)\Sandcastle\\Presentation\VS2010\branding\dev10.mshc/MultiViewTable-ja-JP.xslt -> C:\SandBox\MSBuildCodeMetrics-0.1\doc\Help\Working\branding\MultiViewTable-ja-JP.xslt
    C:\Program Files (x86)\Sandcastle\\Presentation\VS2010\branding\dev10.mshc/MultiViewTable-ko-KR.xslt -> C:\SandBox\MSBuildCodeMetrics-0.1\doc\Help\Working\branding\MultiViewTable-ko-KR.xslt
    C:\Program Files (x86)\Sandcastle\\Presentation\VS2010\branding\dev10.mshc/MultiViewTable-pl-PL.xslt -> C:\SandBox\MSBuildCodeMetrics-0.1\doc\Help\Working\branding\MultiViewTable-pl-PL.xslt
    C:\Program Files (x86)\Sandcastle\\Presentation\VS2010\branding\dev10.mshc/MultiViewTable-pt-BR.xslt -> C:\SandBox\MSBuildCodeMetrics-0.1\doc\Help\Working\branding\MultiViewTable-pt-BR.xslt
    C:\Program Files (x86)\Sandcastle\\Presentation\VS2010\branding\dev10.mshc/MultiViewTable-ru-RU.xslt -> C:\SandBox\MSBuildCodeMetrics-0.1\doc\Help\Working\branding\MultiViewTable-ru-RU.xslt
    C:\Program Files (x86)\Sandcastle\\Presentation\VS2010\branding\dev10.mshc/MultiViewTable-tr-TR.xslt -> C:\SandBox\MSBuildCodeMetrics-0.1\doc\Help\Working\branding\MultiViewTable-tr-TR.xslt
    C:\Program Files (x86)\Sandcastle\\Presentation\VS2010\branding\dev10.mshc/MultiViewTable-zh-CN.xslt -> C:\SandBox\MSBuildCodeMetrics-0.1\doc\Help\Working\branding\MultiViewTable-zh-CN.xslt
    C:\Program Files (x86)\Sandcastle\\Presentation\VS2010\branding\dev10.mshc/MultiViewTable-zh-TW.xslt -> C:\SandBox\MSBuildCodeMetrics-0.1\doc\Help\Working\branding\MultiViewTable-zh-TW.xslt
    C:\Program Files (x86)\Sandcastle\\Presentation\VS2010\branding\dev10.mshc/index.xslt -> C:\SandBox\MSBuildCodeMetrics-0.1\doc\Help\Working\branding\index.xslt
    C:\Program Files (x86)\Sandcastle\\Presentation\VS2010\branding\dev10.mshc/index-cs-CZ.xslt -> C:\SandBox\MSBuildCodeMetrics-0.1\doc\Help\Working\branding\index-cs-CZ.xslt
    C:\Program Files (x86)\Sandcastle\\Presentation\VS2010\branding\dev10.mshc/index-de-DE.xslt -> C:\SandBox\MSBuildCodeMetrics-0.1\doc\Help\Working\branding\index-de-DE.xslt
    C:\Program Files (x86)\Sandcastle\\Presentation\VS2010\branding\dev10.mshc/index-en-US.xslt -> C:\SandBox\MSBuildCodeMetrics-0.1\doc\Help\Working\branding\index-en-US.xslt
    C:\Program Files (x86)\Sandcastle\\Presentation\VS2010\branding\dev10.mshc/index-es-ES.xslt -> C:\SandBox\MSBuildCodeMetrics-0.1\doc\Help\Working\branding\index-es-ES.xslt
    C:\Program Files (x86)\Sandcastle\\Presentation\VS2010\branding\dev10.mshc/index-fr-FR.xslt -> C:\SandBox\MSBuildCodeMetrics-0.1\doc\Help\Working\branding\index-fr-FR.xslt
    C:\Program Files (x86)\Sandcastle\\Presentation\VS2010\branding\dev10.mshc/index-it-IT.xslt -> C:\SandBox\MSBuildCodeMetrics-0.1\doc\Help\Working\branding\index-it-IT.xslt
    C:\Program Files (x86)\Sandcastle\\Presentation\VS2010\branding\dev10.mshc/index-ja-JP.xslt -> C:\SandBox\MSBuildCodeMetrics-0.1\doc\Help\Working\branding\index-ja-JP.xslt
    C:\Program Files (x86)\Sandcastle\\Presentation\VS2010\branding\dev10.mshc/index-ko-KR.xslt -> C:\SandBox\MSBuildCodeMetrics-0.1\doc\Help\Working\branding\index-ko-KR.xslt
    C:\Program Files (x86)\Sandcastle\\Presentation\VS2010\branding\dev10.mshc/index-pl-PL.xslt -> C:\SandBox\MSBuildCodeMetrics-0.1\doc\Help\Working\branding\index-pl-PL.xslt
    C:\Program Files (x86)\Sandcastle\\Presentation\VS2010\branding\dev10.mshc/index-pt-BR.xslt -> C:\SandBox\MSBuildCodeMetrics-0.1\doc\Help\Working\branding\index-pt-BR.xslt
    C:\Program Files (x86)\Sandcastle\\Presentation\VS2010\branding\dev10.mshc/index-ru-RU.xslt -> C:\SandBox\MSBuildCodeMetrics-0.1\doc\Help\Working\branding\index-ru-RU.xslt
    C:\Program Files (x86)\Sandcastle\\Presentation\VS2010\branding\dev10.mshc/index-tr-TR.xslt -> C:\SandBox\MSBuildCodeMetrics-0.1\doc\Help\Working\branding\index-tr-TR.xslt
    C:\Program Files (x86)\Sandcastle\\Presentation\VS2010\branding\dev10.mshc/index-zh-CN.xslt -> C:\SandBox\MSBuildCodeMetrics-0.1\doc\Help\Working\branding\index-zh-CN.xslt
    C:\Program Files (x86)\Sandcastle\\Presentation\VS2010\branding\dev10.mshc/index-zh-TW.xslt -> C:\SandBox\MSBuildCodeMetrics-0.1\doc\Help\Working\branding\index-zh-TW.xslt
    C:\Program Files (x86)\Sandcastle\\Presentation\VS2010\branding\dev10.mshc/search.xslt -> C:\SandBox\MSBuildCodeMetrics-0.1\doc\Help\Working\branding\search.xslt
    C:\Program Files (x86)\Sandcastle\\Presentation\VS2010\branding\dev10.mshc/search-cs-CZ.xslt -> C:\SandBox\MSBuildCodeMetrics-0.1\doc\Help\Working\branding\search-cs-CZ.xslt
    C:\Program Files (x86)\Sandcastle\\Presentation\VS2010\branding\dev10.mshc/search-de-DE.xslt -> C:\SandBox\MSBuildCodeMetrics-0.1\doc\Help\Working\branding\search-de-DE.xslt
    C:\Program Files (x86)\Sandcastle\\Presentation\VS2010\branding\dev10.mshc/search-en-US.xslt -> C:\SandBox\MSBuildCodeMetrics-0.1\doc\Help\Working\branding\search-en-US.xslt
    C:\Program Files (x86)\Sandcastle\\Presentation\VS2010\branding\dev10.mshc/search-es-ES.xslt -> C:\SandBox\MSBuildCodeMetrics-0.1\doc\Help\Working\branding\search-es-ES.xslt
    C:\Program Files (x86)\Sandcastle\\Presentation\VS2010\branding\dev10.mshc/search-fr-FR.xslt -> C:\SandBox\MSBuildCodeMetrics-0.1\doc\Help\Working\branding\search-fr-FR.xslt
    C:\Program Files (x86)\Sandcastle\\Presentation\VS2010\branding\dev10.mshc/search-it-IT.xslt -> C:\SandBox\MSBuildCodeMetrics-0.1\doc\Help\Working\branding\search-it-IT.xslt
    C:\Program Files (x86)\Sandcastle\\Presentation\VS2010\branding\dev10.mshc/search-ja-JP.xslt -> C:\SandBox\MSBuildCodeMetrics-0.1\doc\Help\Working\branding\search-ja-JP.xslt
    C:\Program Files (x86)\Sandcastle\\Presentation\VS2010\branding\dev10.mshc/search-ko-KR.xslt -> C:\SandBox\MSBuildCodeMetrics-0.1\doc\Help\Working\branding\search-ko-KR.xslt
    C:\Program Files (x86)\Sandcastle\\Presentation\VS2010\branding\dev10.mshc/search-pl-PL.xslt -> C:\SandBox\MSBuildCodeMetrics-0.1\doc\Help\Working\branding\search-pl-PL.xslt
    C:\Program Files (x86)\Sandcastle\\Presentation\VS2010\branding\dev10.mshc/search-pt-BR.xslt -> C:\SandBox\MSBuildCodeMetrics-0.1\doc\Help\Working\branding\search-pt-BR.xslt
    C:\Program Files (x86)\Sandcastle\\Presentation\VS2010\branding\dev10.mshc/search-ru-RU.xslt -> C:\SandBox\MSBuildCodeMetrics-0.1\doc\Help\Working\branding\search-ru-RU.xslt
    C:\Program Files (x86)\Sandcastle\\Presentation\VS2010\branding\dev10.mshc/search-tr-TR.xslt -> C:\SandBox\MSBuildCodeMetrics-0.1\doc\Help\Working\branding\search-tr-TR.xslt
    C:\Program Files (x86)\Sandcastle\\Presentation\VS2010\branding\dev10.mshc/search-zh-CN.xslt -> C:\SandBox\MSBuildCodeMetrics-0.1\doc\Help\Working\branding\search-zh-CN.xslt
    C:\Program Files (x86)\Sandcastle\\Presentation\VS2010\branding\dev10.mshc/search-zh-TW.xslt -> C:\SandBox\MSBuildCodeMetrics-0.1\doc\Help\Working\branding\search-zh-TW.xslt
    C:\Program Files (x86)\Sandcastle\\Presentation\VS2010\branding\dev10.mshc/toc.xslt -> C:\SandBox\MSBuildCodeMetrics-0.1\doc\Help\Working\branding\toc.xslt
    C:\Program Files (x86)\Sandcastle\\Presentation\VS2010\branding\dev10.mshc/toc-cs-CZ.xslt -> C:\SandBox\MSBuildCodeMetrics-0.1\doc\Help\Working\branding\toc-cs-CZ.xslt
    C:\Program Files (x86)\Sandcastle\\Presentation\VS2010\branding\dev10.mshc/toc-de-DE.xslt -> C:\SandBox\MSBuildCodeMetrics-0.1\doc\Help\Working\branding\toc-de-DE.xslt
    C:\Program Files (x86)\Sandcastle\\Presentation\VS2010\branding\dev10.mshc/toc-en-US.xslt -> C:\SandBox\MSBuildCodeMetrics-0.1\doc\Help\Working\branding\toc-en-US.xslt
    C:\Program Files (x86)\Sandcastle\\Presentation\VS2010\branding\dev10.mshc/toc-es-ES.xslt -> C:\SandBox\MSBuildCodeMetrics-0.1\doc\Help\Working\branding\toc-es-ES.xslt
    C:\Program Files (x86)\Sandcastle\\Presentation\VS2010\branding\dev10.mshc/toc-fr-FR.xslt -> C:\SandBox\MSBuildCodeMetrics-0.1\doc\Help\Working\branding\toc-fr-FR.xslt
    C:\Program Files (x86)\Sandcastle\\Presentation\VS2010\branding\dev10.mshc/toc-it-IT.xslt -> C:\SandBox\MSBuildCodeMetrics-0.1\doc\Help\Working\branding\toc-it-IT.xslt
    C:\Program Files (x86)\Sandcastle\\Presentation\VS2010\branding\dev10.mshc/toc-ja-JP.xslt -> C:\SandBox\MSBuildCodeMetrics-0.1\doc\Help\Working\branding\toc-ja-JP.xslt
    C:\Program Files (x86)\Sandcastle\\Presentation\VS2010\branding\dev10.mshc/toc-ko-KR.xslt -> C:\SandBox\MSBuildCodeMetrics-0.1\doc\Help\Working\branding\toc-ko-KR.xslt
    C:\Program Files (x86)\Sandcastle\\Presentation\VS2010\branding\dev10.mshc/toc-pl-PL.xslt -> C:\SandBox\MSBuildCodeMetrics-0.1\doc\Help\Working\branding\toc-pl-PL.xslt
    C:\Program Files (x86)\Sandcastle\\Presentation\VS2010\branding\dev10.mshc/toc-pt-BR.xslt -> C:\SandBox\MSBuildCodeMetrics-0.1\doc\Help\Working\branding\toc-pt-BR.xslt
    C:\Program Files (x86)\Sandcastle\\Presentation\VS2010\branding\dev10.mshc/toc-ru-RU.xslt -> C:\SandBox\MSBuildCodeMetrics-0.1\doc\Help\Working\branding\toc-ru-RU.xslt
    C:\Program Files (x86)\Sandcastle\\Presentation\VS2010\branding\dev10.mshc/toc-tr-TR.xslt -> C:\SandBox\MSBuildCodeMetrics-0.1\doc\Help\Working\branding\toc-tr-TR.xslt
    C:\Program Files (x86)\Sandcastle\\Presentation\VS2010\branding\dev10.mshc/toc-zh-CN.xslt -> C:\SandBox\MSBuildCodeMetrics-0.1\doc\Help\Working\branding\toc-zh-CN.xslt
    C:\Program Files (x86)\Sandcastle\\Presentation\VS2010\branding\dev10.mshc/toc-zh-TW.xslt -> C:\SandBox\MSBuildCodeMetrics-0.1\doc\Help\Working\branding\toc-zh-TW.xslt
C:\Program Files (x86)\Sandcastle\\Presentation\VS2010\branding -&gt; C:\SandBox\MSBuildCodeMetrics-0.1\doc\Help\Working\Output\HtmlHelp1\branding\
C:\Program Files (x86)\Sandcastle\\Presentation\VS2010\branding -&gt; C:\SandBox\MSBuildCodeMetrics-0.1\doc\Help\Working\branding
    C:\Program Files (x86)\Sandcastle\Presentation\VS2010\branding\branding.xml -> C:\SandBox\MSBuildCodeMetrics-0.1\doc\Help\Working\branding\branding.xml
    C:\Program Files (x86)\Sandcastle\Presentation\VS2010\branding\branding.xslt -> C:\SandBox\MSBuildCodeMetrics-0.1\doc\Help\Working\branding\branding.xslt
    C:\Program Files (x86)\Sandcastle\Presentation\VS2010\branding\branding-cs-CZ.xslt -> C:\SandBox\MSBuildCodeMetrics-0.1\doc\Help\Working\branding\branding-cs-CZ.xslt
    C:\Program Files (x86)\Sandcastle\Presentation\VS2010\branding\branding-de-DE.xslt -> C:\SandBox\MSBuildCodeMetrics-0.1\doc\Help\Working\branding\branding-de-DE.xslt
    C:\Program Files (x86)\Sandcastle\Presentation\VS2010\branding\branding-en-US.xslt -> C:\SandBox\MSBuildCodeMetrics-0.1\doc\Help\Working\branding\branding-en-US.xslt
    C:\Program Files (x86)\Sandcastle\Presentation\VS2010\branding\branding-es-ES.xslt -> C:\SandBox\MSBuildCodeMetrics-0.1\doc\Help\Working\branding\branding-es-ES.xslt
    C:\Program Files (x86)\Sandcastle\Presentation\VS2010\branding\branding-fr-FR.xslt -> C:\SandBox\MSBuildCodeMetrics-0.1\doc\Help\Working\branding\branding-fr-FR.xslt
    C:\Program Files (x86)\Sandcastle\Presentation\VS2010\branding\branding-it-IT.xslt -> C:\SandBox\MSBuildCodeMetrics-0.1\doc\Help\Working\branding\branding-it-IT.xslt
    C:\Program Files (x86)\Sandcastle\Presentation\VS2010\branding\branding-ja-JP.xslt -> C:\SandBox\MSBuildCodeMetrics-0.1\doc\Help\Working\branding\branding-ja-JP.xslt
    C:\Program Files (x86)\Sandcastle\Presentation\VS2010\branding\branding-ko-KR.xslt -> C:\SandBox\MSBuildCodeMetrics-0.1\doc\Help\Working\branding\branding-ko-KR.xslt
    C:\Program Files (x86)\Sandcastle\Presentation\VS2010\branding\branding-pl-PL.xslt -> C:\SandBox\MSBuildCodeMetrics-0.1\doc\Help\Working\branding\branding-pl-PL.xslt
    C:\Program Files (x86)\Sandcastle\Presentation\VS2010\branding\branding-pt-BR.xslt -> C:\SandBox\MSBuildCodeMetrics-0.1\doc\Help\Working\branding\branding-pt-BR.xslt
    C:\Program Files (x86)\Sandcastle\Presentation\VS2010\branding\branding-ru-RU.xslt -> C:\SandBox\MSBuildCodeMetrics-0.1\doc\Help\Working\branding\branding-ru-RU.xslt
    C:\Program Files (x86)\Sandcastle\Presentation\VS2010\branding\branding-tr-TR.xslt -> C:\SandBox\MSBuildCodeMetrics-0.1\doc\Help\Working\branding\branding-tr-TR.xslt
    C:\Program Files (x86)\Sandcastle\Presentation\VS2010\branding\branding-zh-CN.xslt -> C:\SandBox\MSBuildCodeMetrics-0.1\doc\Help\Working\branding\branding-zh-CN.xslt
    C:\Program Files (x86)\Sandcastle\Presentation\VS2010\branding\branding-zh-TW.xslt -> C:\SandBox\MSBuildCodeMetrics-0.1\doc\Help\Working\branding\branding-zh-TW.xslt
    C:\Program Files (x86)\Sandcastle\Presentation\VS2010\branding\ps-body.xslt -> C:\SandBox\MSBuildCodeMetrics-0.1\doc\Help\Working\branding\ps-body.xslt
    C:\Program Files (x86)\Sandcastle\Presentation\VS2010\branding\ps-head.xslt -> C:\SandBox\MSBuildCodeMetrics-0.1\doc\Help\Working\branding\ps-head.xslt
    C:\Program Files (x86)\Sandcastle\Presentation\VS2010\branding\ps-foot.xslt -> C:\SandBox\MSBuildCodeMetrics-0.1\doc\Help\Working\branding\ps-foot.xslt
    C:\Program Files (x86)\Sandcastle\Presentation\VS2010\branding\ps-collapsibleArea.xslt -> C:\SandBox\MSBuildCodeMetrics-0.1\doc\Help\Working\branding\ps-collapsibleArea.xslt
    C:\Program Files (x86)\Sandcastle\Presentation\VS2010\branding\ps-instrumentedLink.xslt -> C:\SandBox\MSBuildCodeMetrics-0.1\doc\Help\Working\branding\ps-instrumentedLink.xslt
    C:\Program Files (x86)\Sandcastle\Presentation\VS2010\branding\ps-languageSpecificText.xslt -> C:\SandBox\MSBuildCodeMetrics-0.1\doc\Help\Working\branding\ps-languageSpecificText.xslt
    C:\Program Files (x86)\Sandcastle\Presentation\VS2010\branding\ps-codesnippet.xslt -> C:\SandBox\MSBuildCodeMetrics-0.1\doc\Help\Working\branding\ps-codesnippet.xslt
C:\Program Files (x86)\Sandcastle\\Presentation\VS2010\icons\1_404_bullet.gif -&gt; C:\SandBox\MSBuildCodeMetrics-0.1\doc\Help\Working\Output\Website\icons\1_404_bullet.gif
C:\Program Files (x86)\Sandcastle\\Presentation\VS2010\icons\2_404_bullet.gif -&gt; C:\SandBox\MSBuildCodeMetrics-0.1\doc\Help\Working\Output\Website\icons\2_404_bullet.gif
C:\Program Files (x86)\Sandcastle\\Presentation\VS2010\icons\alert_caution.gif -&gt; C:\SandBox\MSBuildCodeMetrics-0.1\doc\Help\Working\Output\Website\icons\alert_caution.gif
C:\Program Files (x86)\Sandcastle\\Presentation\VS2010\icons\alert_note.gif -&gt; C:\SandBox\MSBuildCodeMetrics-0.1\doc\Help\Working\Output\Website\icons\alert_note.gif
C:\Program Files (x86)\Sandcastle\\Presentation\VS2010\icons\alert_security.gif -&gt; C:\SandBox\MSBuildCodeMetrics-0.1\doc\Help\Working\Output\Website\icons\alert_security.gif
C:\Program Files (x86)\Sandcastle\\Presentation\VS2010\icons\CFW.gif -&gt; C:\SandBox\MSBuildCodeMetrics-0.1\doc\Help\Working\Output\Website\icons\CFW.gif
C:\Program Files (x86)\Sandcastle\\Presentation\VS2010\icons\close.gif -&gt; C:\SandBox\MSBuildCodeMetrics-0.1\doc\Help\Working\Output\Website\icons\close.gif
C:\Program Files (x86)\Sandcastle\\Presentation\VS2010\icons\favicon.ico -&gt; C:\SandBox\MSBuildCodeMetrics-0.1\doc\Help\Working\Output\Website\icons\favicon.ico
C:\Program Files (x86)\Sandcastle\\Presentation\VS2010\icons\footer_slice.gif -&gt; C:\SandBox\MSBuildCodeMetrics-0.1\doc\Help\Working\Output\Website\icons\footer_slice.gif
C:\Program Files (x86)\Sandcastle\\Presentation\VS2010\icons\info_icon.gif -&gt; C:\SandBox\MSBuildCodeMetrics-0.1\doc\Help\Working\Output\Website\icons\info_icon.gif
C:\Program Files (x86)\Sandcastle\\Presentation\VS2010\icons\note.gif -&gt; C:\SandBox\MSBuildCodeMetrics-0.1\doc\Help\Working\Output\Website\icons\note.gif
C:\Program Files (x86)\Sandcastle\\Presentation\VS2010\icons\online_icon.gif -&gt; C:\SandBox\MSBuildCodeMetrics-0.1\doc\Help\Working\Output\Website\icons\online_icon.gif
C:\Program Files (x86)\Sandcastle\\Presentation\VS2010\icons\open.gif -&gt; C:\SandBox\MSBuildCodeMetrics-0.1\doc\Help\Working\Output\Website\icons\open.gif
C:\Program Files (x86)\Sandcastle\\Presentation\VS2010\icons\pencil.GIF -&gt; C:\SandBox\MSBuildCodeMetrics-0.1\doc\Help\Working\Output\Website\icons\pencil.GIF
C:\Program Files (x86)\Sandcastle\\Presentation\VS2010\icons\privclass.gif -&gt; C:\SandBox\MSBuildCodeMetrics-0.1\doc\Help\Working\Output\Website\icons\privclass.gif
C:\Program Files (x86)\Sandcastle\\Presentation\VS2010\icons\privdelegate.gif -&gt; C:\SandBox\MSBuildCodeMetrics-0.1\doc\Help\Working\Output\Website\icons\privdelegate.gif
C:\Program Files (x86)\Sandcastle\\Presentation\VS2010\icons\privenumeration.gif -&gt; C:\SandBox\MSBuildCodeMetrics-0.1\doc\Help\Working\Output\Website\icons\privenumeration.gif
C:\Program Files (x86)\Sandcastle\\Presentation\VS2010\icons\privevent.gif -&gt; C:\SandBox\MSBuildCodeMetrics-0.1\doc\Help\Working\Output\Website\icons\privevent.gif
C:\Program Files (x86)\Sandcastle\\Presentation\VS2010\icons\privextension.gif -&gt; C:\SandBox\MSBuildCodeMetrics-0.1\doc\Help\Working\Output\Website\icons\privextension.gif
C:\Program Files (x86)\Sandcastle\\Presentation\VS2010\icons\privfield.gif -&gt; C:\SandBox\MSBuildCodeMetrics-0.1\doc\Help\Working\Output\Website\icons\privfield.gif
C:\Program Files (x86)\Sandcastle\\Presentation\VS2010\icons\privinterface.gif -&gt; C:\SandBox\MSBuildCodeMetrics-0.1\doc\Help\Working\Output\Website\icons\privinterface.gif
C:\Program Files (x86)\Sandcastle\\Presentation\VS2010\icons\privmethod.gif -&gt; C:\SandBox\MSBuildCodeMetrics-0.1\doc\Help\Working\Output\Website\icons\privmethod.gif
C:\Program Files (x86)\Sandcastle\\Presentation\VS2010\icons\privproperty.gif -&gt; C:\SandBox\MSBuildCodeMetrics-0.1\doc\Help\Working\Output\Website\icons\privproperty.gif
C:\Program Files (x86)\Sandcastle\\Presentation\VS2010\icons\privstructure.gif -&gt; C:\SandBox\MSBuildCodeMetrics-0.1\doc\Help\Working\Output\Website\icons\privstructure.gif
C:\Program Files (x86)\Sandcastle\\Presentation\VS2010\icons\protclass.gif -&gt; C:\SandBox\MSBuildCodeMetrics-0.1\doc\Help\Working\Output\Website\icons\protclass.gif
C:\Program Files (x86)\Sandcastle\\Presentation\VS2010\icons\protdelegate.gif -&gt; C:\SandBox\MSBuildCodeMetrics-0.1\doc\Help\Working\Output\Website\icons\protdelegate.gif
C:\Program Files (x86)\Sandcastle\\Presentation\VS2010\icons\protenumeration.gif -&gt; C:\SandBox\MSBuildCodeMetrics-0.1\doc\Help\Working\Output\Website\icons\protenumeration.gif
C:\Program Files (x86)\Sandcastle\\Presentation\VS2010\icons\protevent.gif -&gt; C:\SandBox\MSBuildCodeMetrics-0.1\doc\Help\Working\Output\Website\icons\protevent.gif
C:\Program Files (x86)\Sandcastle\\Presentation\VS2010\icons\protextension.gif -&gt; C:\SandBox\MSBuildCodeMetrics-0.1\doc\Help\Working\Output\Website\icons\protextension.gif
C:\Program Files (x86)\Sandcastle\\Presentation\VS2010\icons\protfield.gif -&gt; C:\SandBox\MSBuildCodeMetrics-0.1\doc\Help\Working\Output\Website\icons\protfield.gif
C:\Program Files (x86)\Sandcastle\\Presentation\VS2010\icons\protinterface.gif -&gt; C:\SandBox\MSBuildCodeMetrics-0.1\doc\Help\Working\Output\Website\icons\protinterface.gif
C:\Program Files (x86)\Sandcastle\\Presentation\VS2010\icons\protmethod.gif -&gt; C:\SandBox\MSBuildCodeMetrics-0.1\doc\Help\Working\Output\Website\icons\protmethod.gif
C:\Program Files (x86)\Sandcastle\\Presentation\VS2010\icons\protoperator.gif -&gt; C:\SandBox\MSBuildCodeMetrics-0.1\doc\Help\Working\Output\Website\icons\protoperator.gif
C:\Program Files (x86)\Sandcastle\\Presentation\VS2010\icons\protproperty.gif -&gt; C:\SandBox\MSBuildCodeMetrics-0.1\doc\Help\Working\Output\Website\icons\protproperty.gif
C:\Program Files (x86)\Sandcastle\\Presentation\VS2010\icons\protstructure.gif -&gt; C:\SandBox\MSBuildCodeMetrics-0.1\doc\Help\Working\Output\Website\icons\protstructure.gif
C:\Program Files (x86)\Sandcastle\\Presentation\VS2010\icons\pubclass.gif -&gt; C:\SandBox\MSBuildCodeMetrics-0.1\doc\Help\Working\Output\Website\icons\pubclass.gif
C:\Program Files (x86)\Sandcastle\\Presentation\VS2010\icons\pubdelegate.gif -&gt; C:\SandBox\MSBuildCodeMetrics-0.1\doc\Help\Working\Output\Website\icons\pubdelegate.gif
C:\Program Files (x86)\Sandcastle\\Presentation\VS2010\icons\pubenumeration.gif -&gt; C:\SandBox\MSBuildCodeMetrics-0.1\doc\Help\Working\Output\Website\icons\pubenumeration.gif
C:\Program Files (x86)\Sandcastle\\Presentation\VS2010\icons\pubevent.gif -&gt; C:\SandBox\MSBuildCodeMetrics-0.1\doc\Help\Working\Output\Website\icons\pubevent.gif
C:\Program Files (x86)\Sandcastle\\Presentation\VS2010\icons\pubextension.gif -&gt; C:\SandBox\MSBuildCodeMetrics-0.1\doc\Help\Working\Output\Website\icons\pubextension.gif
C:\Program Files (x86)\Sandcastle\\Presentation\VS2010\icons\pubfield.gif -&gt; C:\SandBox\MSBuildCodeMetrics-0.1\doc\Help\Working\Output\Website\icons\pubfield.gif
C:\Program Files (x86)\Sandcastle\\Presentation\VS2010\icons\pubinterface.gif -&gt; C:\SandBox\MSBuildCodeMetrics-0.1\doc\Help\Working\Output\Website\icons\pubinterface.gif
C:\Program Files (x86)\Sandcastle\\Presentation\VS2010\icons\pubmethod.gif -&gt; C:\SandBox\MSBuildCodeMetrics-0.1\doc\Help\Working\Output\Website\icons\pubmethod.gif
C:\Program Files (x86)\Sandcastle\\Presentation\VS2010\icons\puboperator.gif -&gt; C:\SandBox\MSBuildCodeMetrics-0.1\doc\Help\Working\Output\Website\icons\puboperator.gif
C:\Program Files (x86)\Sandcastle\\Presentation\VS2010\icons\pubproperty.gif -&gt; C:\SandBox\MSBuildCodeMetrics-0.1\doc\Help\Working\Output\Website\icons\pubproperty.gif
C:\Program Files (x86)\Sandcastle\\Presentation\VS2010\icons\pubstructure.gif -&gt; C:\SandBox\MSBuildCodeMetrics-0.1\doc\Help\Working\Output\Website\icons\pubstructure.gif
C:\Program Files (x86)\Sandcastle\\Presentation\VS2010\icons\search.gif -&gt; C:\SandBox\MSBuildCodeMetrics-0.1\doc\Help\Working\Output\Website\icons\search.gif
C:\Program Files (x86)\Sandcastle\\Presentation\VS2010\icons\search_bk.gif -&gt; C:\SandBox\MSBuildCodeMetrics-0.1\doc\Help\Working\Output\Website\icons\search_bk.gif
C:\Program Files (x86)\Sandcastle\\Presentation\VS2010\icons\security.gif -&gt; C:\SandBox\MSBuildCodeMetrics-0.1\doc\Help\Working\Output\Website\icons\security.gif
C:\Program Files (x86)\Sandcastle\\Presentation\VS2010\icons\slMobile.gif -&gt; C:\SandBox\MSBuildCodeMetrics-0.1\doc\Help\Working\Output\Website\icons\slMobile.gif
C:\Program Files (x86)\Sandcastle\\Presentation\VS2010\icons\static.gif -&gt; C:\SandBox\MSBuildCodeMetrics-0.1\doc\Help\Working\Output\Website\icons\static.gif
C:\Program Files (x86)\Sandcastle\\Presentation\VS2010\icons\tabLeftBG.gif -&gt; C:\SandBox\MSBuildCodeMetrics-0.1\doc\Help\Working\Output\Website\icons\tabLeftBG.gif
C:\Program Files (x86)\Sandcastle\\Presentation\VS2010\icons\tabRightBG.gif -&gt; C:\SandBox\MSBuildCodeMetrics-0.1\doc\Help\Working\Output\Website\icons\tabRightBG.gif
C:\Program Files (x86)\Sandcastle\\Presentation\VS2010\icons\ui_om_collapse.gif -&gt; C:\SandBox\MSBuildCodeMetrics-0.1\doc\Help\Working\Output\Website\icons\ui_om_collapse.gif
C:\Program Files (x86)\Sandcastle\\Presentation\VS2010\icons\ui_om_expand.gif -&gt; C:\SandBox\MSBuildCodeMetrics-0.1\doc\Help\Working\Output\Website\icons\ui_om_expand.gif
C:\Program Files (x86)\Sandcastle\\Presentation\VS2010\icons\xna.gif -&gt; C:\SandBox\MSBuildCodeMetrics-0.1\doc\Help\Working\Output\Website\icons\xna.gif
C:\Program Files (x86)\Sandcastle\\Presentation\VS2010\scripts\branding.js -&gt; C:\SandBox\MSBuildCodeMetrics-0.1\doc\Help\Working\Output\Website\scripts\branding.js
C:\Program Files (x86)\Sandcastle\\Presentation\VS2010\styles\branding-cs-CZ.css -&gt; C:\SandBox\MSBuildCodeMetrics-0.1\doc\Help\Working\Output\Website\styles\branding-cs-CZ.css
C:\Program Files (x86)\Sandcastle\\Presentation\VS2010\styles\branding-de-DE.css -&gt; C:\SandBox\MSBuildCodeMetrics-0.1\doc\Help\Working\Output\Website\styles\branding-de-DE.css
C:\Program Files (x86)\Sandcastle\\Presentation\VS2010\styles\branding-en-US.css -&gt; C:\SandBox\MSBuildCodeMetrics-0.1\doc\Help\Working\Output\Website\styles\branding-en-US.css
C:\Program Files (x86)\Sandcastle\\Presentation\VS2010\styles\branding-es-ES.css -&gt; C:\SandBox\MSBuildCodeMetrics-0.1\doc\Help\Working\Output\Website\styles\branding-es-ES.css
C:\Program Files (x86)\Sandcastle\\Presentation\VS2010\styles\branding-fr-FR.css -&gt; C:\SandBox\MSBuildCodeMetrics-0.1\doc\Help\Working\Output\Website\styles\branding-fr-FR.css
C:\Program Files (x86)\Sandcastle\\Presentation\VS2010\styles\branding-it-IT.css -&gt; C:\SandBox\MSBuildCodeMetrics-0.1\doc\Help\Working\Output\Website\styles\branding-it-IT.css
C:\Program Files (x86)\Sandcastle\\Presentation\VS2010\styles\branding-ja-JP.css -&gt; C:\SandBox\MSBuildCodeMetrics-0.1\doc\Help\Working\Output\Website\styles\branding-ja-JP.css
C:\Program Files (x86)\Sandcastle\\Presentation\VS2010\styles\branding-ko-KR.css -&gt; C:\SandBox\MSBuildCodeMetrics-0.1\doc\Help\Working\Output\Website\styles\branding-ko-KR.css
C:\Program Files (x86)\Sandcastle\\Presentation\VS2010\styles\branding-pl-PL.css -&gt; C:\SandBox\MSBuildCodeMetrics-0.1\doc\Help\Working\Output\Website\styles\branding-pl-PL.css
C:\Program Files (x86)\Sandcastle\\Presentation\VS2010\styles\branding-pt-BR.css -&gt; C:\SandBox\MSBuildCodeMetrics-0.1\doc\Help\Working\Output\Website\styles\branding-pt-BR.css
C:\Program Files (x86)\Sandcastle\\Presentation\VS2010\styles\branding-ru-RU.css -&gt; C:\SandBox\MSBuildCodeMetrics-0.1\doc\Help\Working\Output\Website\styles\branding-ru-RU.css
C:\Program Files (x86)\Sandcastle\\Presentation\VS2010\styles\branding-tr-TR.css -&gt; C:\SandBox\MSBuildCodeMetrics-0.1\doc\Help\Working\Output\Website\styles\branding-tr-TR.css
C:\Program Files (x86)\Sandcastle\\Presentation\VS2010\styles\branding-zh-CN.css -&gt; C:\SandBox\MSBuildCodeMetrics-0.1\doc\Help\Working\Output\Website\styles\branding-zh-CN.css
C:\Program Files (x86)\Sandcastle\\Presentation\VS2010\styles\branding-zh-TW.css -&gt; C:\SandBox\MSBuildCodeMetrics-0.1\doc\Help\Working\Output\Website\styles\branding-zh-TW.css
C:\Program Files (x86)\Sandcastle\\Presentation\VS2010\styles\branding.css -&gt; C:\SandBox\MSBuildCodeMetrics-0.1\doc\Help\Working\Output\Website\styles\branding.css
Copying help branding...
C:\Program Files (x86)\Sandcastle\\Presentation\VS2010\branding\dev10.mshc -&gt; C:\SandBox\MSBuildCodeMetrics-0.1\doc\Help\Working\Output\Website\branding\
C:\Program Files (x86)\Sandcastle\\Presentation\VS2010\branding\dev10.mshc -&gt; C:\SandBox\MSBuildCodeMetrics-0.1\doc\Help\Working\branding
    C:\Program Files (x86)\Sandcastle\\Presentation\VS2010\branding\dev10.mshc/body.xslt -> C:\SandBox\MSBuildCodeMetrics-0.1\doc\Help\Working\branding\body.xslt
    C:\Program Files (x86)\Sandcastle\\Presentation\VS2010\branding\dev10.mshc/head.xslt -> C:\SandBox\MSBuildCodeMetrics-0.1\doc\Help\Working\branding\head.xslt
    C:\Program Files (x86)\Sandcastle\\Presentation\VS2010\branding\dev10.mshc/CodeSnippet.xslt -> C:\SandBox\MSBuildCodeMetrics-0.1\doc\Help\Working\branding\CodeSnippet.xslt
    C:\Program Files (x86)\Sandcastle\\Presentation\VS2010\branding\dev10.mshc/codesnippet-cs-CZ.xslt -> C:\SandBox\MSBuildCodeMetrics-0.1\doc\Help\Working\branding\codesnippet-cs-CZ.xslt
    C:\Program Files (x86)\Sandcastle\\Presentation\VS2010\branding\dev10.mshc/codesnippet-de-DE.xslt -> C:\SandBox\MSBuildCodeMetrics-0.1\doc\Help\Working\branding\codesnippet-de-DE.xslt
    C:\Program Files (x86)\Sandcastle\\Presentation\VS2010\branding\dev10.mshc/codesnippet-en-US.xslt -> C:\SandBox\MSBuildCodeMetrics-0.1\doc\Help\Working\branding\codesnippet-en-US.xslt
    C:\Program Files (x86)\Sandcastle\\Presentation\VS2010\branding\dev10.mshc/codesnippet-es-ES.xslt -> C:\SandBox\MSBuildCodeMetrics-0.1\doc\Help\Working\branding\codesnippet-es-ES.xslt
    C:\Program Files (x86)\Sandcastle\\Presentation\VS2010\branding\dev10.mshc/codesnippet-fr-FR.xslt -> C:\SandBox\MSBuildCodeMetrics-0.1\doc\Help\Working\branding\codesnippet-fr-FR.xslt
    C:\Program Files (x86)\Sandcastle\\Presentation\VS2010\branding\dev10.mshc/codesnippet-it-IT.xslt -> C:\SandBox\MSBuildCodeMetrics-0.1\doc\Help\Working\branding\codesnippet-it-IT.xslt
    C:\Program Files (x86)\Sandcastle\\Presentation\VS2010\branding\dev10.mshc/codesnippet-ja-JP.xslt -> C:\SandBox\MSBuildCodeMetrics-0.1\doc\Help\Working\branding\codesnippet-ja-JP.xslt
    C:\Program Files (x86)\Sandcastle\\Presentation\VS2010\branding\dev10.mshc/codesnippet-ko-KR.xslt -> C:\SandBox\MSBuildCodeMetrics-0.1\doc\Help\Working\branding\codesnippet-ko-KR.xslt
    C:\Program Files (x86)\Sandcastle\\Presentation\VS2010\branding\dev10.mshc/codesnippet-pl-PL.xslt -> C:\SandBox\MSBuildCodeMetrics-0.1\doc\Help\Working\branding\codesnippet-pl-PL.xslt
    C:\Program Files (x86)\Sandcastle\\Presentation\VS2010\branding\dev10.mshc/codesnippet-pt-BR.xslt -> C:\SandBox\MSBuildCodeMetrics-0.1\doc\Help\Working\branding\codesnippet-pt-BR.xslt
    C:\Program Files (x86)\Sandcastle\\Presentation\VS2010\branding\dev10.mshc/codesnippet-ru-RU.xslt -> C:\SandBox\MSBuildCodeMetrics-0.1\doc\Help\Working\branding\codesnippet-ru-RU.xslt
    C:\Program Files (x86)\Sandcastle\\Presentation\VS2010\branding\dev10.mshc/codesnippet-tr-TR.xslt -> C:\SandBox\MSBuildCodeMetrics-0.1\doc\Help\Working\branding\codesnippet-tr-TR.xslt
    C:\Program Files (x86)\Sandcastle\\Presentation\VS2010\branding\dev10.mshc/codesnippet-zh-CN.xslt -> C:\SandBox\MSBuildCodeMetrics-0.1\doc\Help\Working\branding\codesnippet-zh-CN.xslt
    C:\Program Files (x86)\Sandcastle\\Presentation\VS2010\branding\dev10.mshc/codesnippet-zh-TW.xslt -> C:\SandBox\MSBuildCodeMetrics-0.1\doc\Help\Working\branding\codesnippet-zh-TW.xslt
    C:\Program Files (x86)\Sandcastle\\Presentation\VS2010\branding\dev10.mshc/Identity.xslt -> C:\SandBox\MSBuildCodeMetrics-0.1\doc\Help\Working\branding\Identity.xslt
    C:\Program Files (x86)\Sandcastle\\Presentation\VS2010\branding\dev10.mshc/InstrumentedLink.xslt -> C:\SandBox\MSBuildCodeMetrics-0.1\doc\Help\Working\branding\InstrumentedLink.xslt
    C:\Program Files (x86)\Sandcastle\\Presentation\VS2010\branding\dev10.mshc/instrumentedlink-cs-CZ.xslt -> C:\SandBox\MSBuildCodeMetrics-0.1\doc\Help\Working\branding\instrumentedlink-cs-CZ.xslt
    C:\Program Files (x86)\Sandcastle\\Presentation\VS2010\branding\dev10.mshc/instrumentedlink-de-DE.xslt -> C:\SandBox\MSBuildCodeMetrics-0.1\doc\Help\Working\branding\instrumentedlink-de-DE.xslt
    C:\Program Files (x86)\Sandcastle\\Presentation\VS2010\branding\dev10.mshc/instrumentedlink-en-US.xslt -> C:\SandBox\MSBuildCodeMetrics-0.1\doc\Help\Working\branding\instrumentedlink-en-US.xslt
    C:\Program Files (x86)\Sandcastle\\Presentation\VS2010\branding\dev10.mshc/instrumentedlink-es-ES.xslt -> C:\SandBox\MSBuildCodeMetrics-0.1\doc\Help\Working\branding\instrumentedlink-es-ES.xslt
    C:\Program Files (x86)\Sandcastle\\Presentation\VS2010\branding\dev10.mshc/instrumentedlink-fr-FR.xslt -> C:\SandBox\MSBuildCodeMetrics-0.1\doc\Help\Working\branding\instrumentedlink-fr-FR.xslt
    C:\Program Files (x86)\Sandcastle\\Presentation\VS2010\branding\dev10.mshc/instrumentedlink-it-IT.xslt -> C:\SandBox\MSBuildCodeMetrics-0.1\doc\Help\Working\branding\instrumentedlink-it-IT.xslt
    C:\Program Files (x86)\Sandcastle\\Presentation\VS2010\branding\dev10.mshc/instrumentedlink-ja-JP.xslt -> C:\SandBox\MSBuildCodeMetrics-0.1\doc\Help\Working\branding\instrumentedlink-ja-JP.xslt
    C:\Program Files (x86)\Sandcastle\\Presentation\VS2010\branding\dev10.mshc/instrumentedlink-ko-KR.xslt -> C:\SandBox\MSBuildCodeMetrics-0.1\doc\Help\Working\branding\instrumentedlink-ko-KR.xslt
    C:\Program Files (x86)\Sandcastle\\Presentation\VS2010\branding\dev10.mshc/instrumentedlink-pl-PL.xslt -> C:\SandBox\MSBuildCodeMetrics-0.1\doc\Help\Working\branding\instrumentedlink-pl-PL.xslt
    C:\Program Files (x86)\Sandcastle\\Presentation\VS2010\branding\dev10.mshc/instrumentedlink-pt-BR.xslt -> C:\SandBox\MSBuildCodeMetrics-0.1\doc\Help\Working\branding\instrumentedlink-pt-BR.xslt
    C:\Program Files (x86)\Sandcastle\\Presentation\VS2010\branding\dev10.mshc/instrumentedlink-ru-RU.xslt -> C:\SandBox\MSBuildCodeMetrics-0.1\doc\Help\Working\branding\instrumentedlink-ru-RU.xslt
    C:\Program Files (x86)\Sandcastle\\Presentation\VS2010\branding\dev10.mshc/instrumentedlink-tr-TR.xslt -> C:\SandBox\MSBuildCodeMetrics-0.1\doc\Help\Working\branding\instrumentedlink-tr-TR.xslt
    C:\Program Files (x86)\Sandcastle\\Presentation\VS2010\branding\dev10.mshc/instrumentedlink-zh-CN.xslt -> C:\SandBox\MSBuildCodeMetrics-0.1\doc\Help\Working\branding\instrumentedlink-zh-CN.xslt
    C:\Program Files (x86)\Sandcastle\\Presentation\VS2010\branding\dev10.mshc/instrumentedlink-zh-TW.xslt -> C:\SandBox\MSBuildCodeMetrics-0.1\doc\Help\Working\branding\instrumentedlink-zh-TW.xslt
    C:\Program Files (x86)\Sandcastle\\Presentation\VS2010\branding\dev10.mshc/LanguageSpecificText.xslt -> C:\SandBox\MSBuildCodeMetrics-0.1\doc\Help\Working\branding\LanguageSpecificText.xslt
    C:\Program Files (x86)\Sandcastle\\Presentation\VS2010\branding\dev10.mshc/MultiViewTable.xslt -> C:\SandBox\MSBuildCodeMetrics-0.1\doc\Help\Working\branding\MultiViewTable.xslt
    C:\Program Files (x86)\Sandcastle\\Presentation\VS2010\branding\dev10.mshc/MultiViewTable-cs-CZ.xslt -> C:\SandBox\MSBuildCodeMetrics-0.1\doc\Help\Working\branding\MultiViewTable-cs-CZ.xslt
    C:\Program Files (x86)\Sandcastle\\Presentation\VS2010\branding\dev10.mshc/MultiViewTable-de-DE.xslt -> C:\SandBox\MSBuildCodeMetrics-0.1\doc\Help\Working\branding\MultiViewTable-de-DE.xslt
    C:\Program Files (x86)\Sandcastle\\Presentation\VS2010\branding\dev10.mshc/MultiViewTable-en-US.xslt -> C:\SandBox\MSBuildCodeMetrics-0.1\doc\Help\Working\branding\MultiViewTable-en-US.xslt
    C:\Program Files (x86)\Sandcastle\\Presentation\VS2010\branding\dev10.mshc/MultiViewTable-es-ES.xslt -> C:\SandBox\MSBuildCodeMetrics-0.1\doc\Help\Working\branding\MultiViewTable-es-ES.xslt
    C:\Program Files (x86)\Sandcastle\\Presentation\VS2010\branding\dev10.mshc/MultiViewTable-fr-FR.xslt -> C:\SandBox\MSBuildCodeMetrics-0.1\doc\Help\Working\branding\MultiViewTable-fr-FR.xslt
    C:\Program Files (x86)\Sandcastle\\Presentation\VS2010\branding\dev10.mshc/MultiViewTable-it-IT.xslt -> C:\SandBox\MSBuildCodeMetrics-0.1\doc\Help\Working\branding\MultiViewTable-it-IT.xslt
    C:\Program Files (x86)\Sandcastle\\Presentation\VS2010\branding\dev10.mshc/MultiViewTable-ja-JP.xslt -> C:\SandBox\MSBuildCodeMetrics-0.1\doc\Help\Working\branding\MultiViewTable-ja-JP.xslt
    C:\Program Files (x86)\Sandcastle\\Presentation\VS2010\branding\dev10.mshc/MultiViewTable-ko-KR.xslt -> C:\SandBox\MSBuildCodeMetrics-0.1\doc\Help\Working\branding\MultiViewTable-ko-KR.xslt
    C:\Program Files (x86)\Sandcastle\\Presentation\VS2010\branding\dev10.mshc/MultiViewTable-pl-PL.xslt -> C:\SandBox\MSBuildCodeMetrics-0.1\doc\Help\Working\branding\MultiViewTable-pl-PL.xslt
    C:\Program Files (x86)\Sandcastle\\Presentation\VS2010\branding\dev10.mshc/MultiViewTable-pt-BR.xslt -> C:\SandBox\MSBuildCodeMetrics-0.1\doc\Help\Working\branding\MultiViewTable-pt-BR.xslt
    C:\Program Files (x86)\Sandcastle\\Presentation\VS2010\branding\dev10.mshc/MultiViewTable-ru-RU.xslt -> C:\SandBox\MSBuildCodeMetrics-0.1\doc\Help\Working\branding\MultiViewTable-ru-RU.xslt
    C:\Program Files (x86)\Sandcastle\\Presentation\VS2010\branding\dev10.mshc/MultiViewTable-tr-TR.xslt -> C:\SandBox\MSBuildCodeMetrics-0.1\doc\Help\Working\branding\MultiViewTable-tr-TR.xslt
    C:\Program Files (x86)\Sandcastle\\Presentation\VS2010\branding\dev10.mshc/MultiViewTable-zh-CN.xslt -> C:\SandBox\MSBuildCodeMetrics-0.1\doc\Help\Working\branding\MultiViewTable-zh-CN.xslt
    C:\Program Files (x86)\Sandcastle\\Presentation\VS2010\branding\dev10.mshc/MultiViewTable-zh-TW.xslt -> C:\SandBox\MSBuildCodeMetrics-0.1\doc\Help\Working\branding\MultiViewTable-zh-TW.xslt
    C:\Program Files (x86)\Sandcastle\\Presentation\VS2010\branding\dev10.mshc/index.xslt -> C:\SandBox\MSBuildCodeMetrics-0.1\doc\Help\Working\branding\index.xslt
    C:\Program Files (x86)\Sandcastle\\Presentation\VS2010\branding\dev10.mshc/index-cs-CZ.xslt -> C:\SandBox\MSBuildCodeMetrics-0.1\doc\Help\Working\branding\index-cs-CZ.xslt
    C:\Program Files (x86)\Sandcastle\\Presentation\VS2010\branding\dev10.mshc/index-de-DE.xslt -> C:\SandBox\MSBuildCodeMetrics-0.1\doc\Help\Working\branding\index-de-DE.xslt
    C:\Program Files (x86)\Sandcastle\\Presentation\VS2010\branding\dev10.mshc/index-en-US.xslt -> C:\SandBox\MSBuildCodeMetrics-0.1\doc\Help\Working\branding\index-en-US.xslt
    C:\Program Files (x86)\Sandcastle\\Presentation\VS2010\branding\dev10.mshc/index-es-ES.xslt -> C:\SandBox\MSBuildCodeMetrics-0.1\doc\Help\Working\branding\index-es-ES.xslt
    C:\Program Files (x86)\Sandcastle\\Presentation\VS2010\branding\dev10.mshc/index-fr-FR.xslt -> C:\SandBox\MSBuildCodeMetrics-0.1\doc\Help\Working\branding\index-fr-FR.xslt
    C:\Program Files (x86)\Sandcastle\\Presentation\VS2010\branding\dev10.mshc/index-it-IT.xslt -> C:\SandBox\MSBuildCodeMetrics-0.1\doc\Help\Working\branding\index-it-IT.xslt
    C:\Program Files (x86)\Sandcastle\\Presentation\VS2010\branding\dev10.mshc/index-ja-JP.xslt -> C:\SandBox\MSBuildCodeMetrics-0.1\doc\Help\Working\branding\index-ja-JP.xslt
    C:\Program Files (x86)\Sandcastle\\Presentation\VS2010\branding\dev10.mshc/index-ko-KR.xslt -> C:\SandBox\MSBuildCodeMetrics-0.1\doc\Help\Working\branding\index-ko-KR.xslt
    C:\Program Files (x86)\Sandcastle\\Presentation\VS2010\branding\dev10.mshc/index-pl-PL.xslt -> C:\SandBox\MSBuildCodeMetrics-0.1\doc\Help\Working\branding\index-pl-PL.xslt
    C:\Program Files (x86)\Sandcastle\\Presentation\VS2010\branding\dev10.mshc/index-pt-BR.xslt -> C:\SandBox\MSBuildCodeMetrics-0.1\doc\Help\Working\branding\index-pt-BR.xslt
    C:\Program Files (x86)\Sandcastle\\Presentation\VS2010\branding\dev10.mshc/index-ru-RU.xslt -> C:\SandBox\MSBuildCodeMetrics-0.1\doc\Help\Working\branding\index-ru-RU.xslt
    C:\Program Files (x86)\Sandcastle\\Presentation\VS2010\branding\dev10.mshc/index-tr-TR.xslt -> C:\SandBox\MSBuildCodeMetrics-0.1\doc\Help\Working\branding\index-tr-TR.xslt
    C:\Program Files (x86)\Sandcastle\\Presentation\VS2010\branding\dev10.mshc/index-zh-CN.xslt -> C:\SandBox\MSBuildCodeMetrics-0.1\doc\Help\Working\branding\index-zh-CN.xslt
    C:\Program Files (x86)\Sandcastle\\Presentation\VS2010\branding\dev10.mshc/index-zh-TW.xslt -> C:\SandBox\MSBuildCodeMetrics-0.1\doc\Help\Working\branding\index-zh-TW.xslt
    C:\Program Files (x86)\Sandcastle\\Presentation\VS2010\branding\dev10.mshc/search.xslt -> C:\SandBox\MSBuildCodeMetrics-0.1\doc\Help\Working\branding\search.xslt
    C:\Program Files (x86)\Sandcastle\\Presentation\VS2010\branding\dev10.mshc/search-cs-CZ.xslt -> C:\SandBox\MSBuildCodeMetrics-0.1\doc\Help\Working\branding\search-cs-CZ.xslt
    C:\Program Files (x86)\Sandcastle\\Presentation\VS2010\branding\dev10.mshc/search-de-DE.xslt -> C:\SandBox\MSBuildCodeMetrics-0.1\doc\Help\Working\branding\search-de-DE.xslt
    C:\Program Files (x86)\Sandcastle\\Presentation\VS2010\branding\dev10.mshc/search-en-US.xslt -> C:\SandBox\MSBuildCodeMetrics-0.1\doc\Help\Working\branding\search-en-US.xslt
    C:\Program Files (x86)\Sandcastle\\Presentation\VS2010\branding\dev10.mshc/search-es-ES.xslt -> C:\SandBox\MSBuildCodeMetrics-0.1\doc\Help\Working\branding\search-es-ES.xslt
    C:\Program Files (x86)\Sandcastle\\Presentation\VS2010\branding\dev10.mshc/search-fr-FR.xslt -> C:\SandBox\MSBuildCodeMetrics-0.1\doc\Help\Working\branding\search-fr-FR.xslt
    C:\Program Files (x86)\Sandcastle\\Presentation\VS2010\branding\dev10.mshc/search-it-IT.xslt -> C:\SandBox\MSBuildCodeMetrics-0.1\doc\Help\Working\branding\search-it-IT.xslt
    C:\Program Files (x86)\Sandcastle\\Presentation\VS2010\branding\dev10.mshc/search-ja-JP.xslt -> C:\SandBox\MSBuildCodeMetrics-0.1\doc\Help\Working\branding\search-ja-JP.xslt
    C:\Program Files (x86)\Sandcastle\\Presentation\VS2010\branding\dev10.mshc/search-ko-KR.xslt -> C:\SandBox\MSBuildCodeMetrics-0.1\doc\Help\Working\branding\search-ko-KR.xslt
    C:\Program Files (x86)\Sandcastle\\Presentation\VS2010\branding\dev10.mshc/search-pl-PL.xslt -> C:\SandBox\MSBuildCodeMetrics-0.1\doc\Help\Working\branding\search-pl-PL.xslt
    C:\Program Files (x86)\Sandcastle\\Presentation\VS2010\branding\dev10.mshc/search-pt-BR.xslt -> C:\SandBox\MSBuildCodeMetrics-0.1\doc\Help\Working\branding\search-pt-BR.xslt
    C:\Program Files (x86)\Sandcastle\\Presentation\VS2010\branding\dev10.mshc/search-ru-RU.xslt -> C:\SandBox\MSBuildCodeMetrics-0.1\doc\Help\Working\branding\search-ru-RU.xslt
    C:\Program Files (x86)\Sandcastle\\Presentation\VS2010\branding\dev10.mshc/search-tr-TR.xslt -> C:\SandBox\MSBuildCodeMetrics-0.1\doc\Help\Working\branding\search-tr-TR.xslt
    C:\Program Files (x86)\Sandcastle\\Presentation\VS2010\branding\dev10.mshc/search-zh-CN.xslt -> C:\SandBox\MSBuildCodeMetrics-0.1\doc\Help\Working\branding\search-zh-CN.xslt
    C:\Program Files (x86)\Sandcastle\\Presentation\VS2010\branding\dev10.mshc/search-zh-TW.xslt -> C:\SandBox\MSBuildCodeMetrics-0.1\doc\Help\Working\branding\search-zh-TW.xslt
    C:\Program Files (x86)\Sandcastle\\Presentation\VS2010\branding\dev10.mshc/toc.xslt -> C:\SandBox\MSBuildCodeMetrics-0.1\doc\Help\Working\branding\toc.xslt
    C:\Program Files (x86)\Sandcastle\\Presentation\VS2010\branding\dev10.mshc/toc-cs-CZ.xslt -> C:\SandBox\MSBuildCodeMetrics-0.1\doc\Help\Working\branding\toc-cs-CZ.xslt
    C:\Program Files (x86)\Sandcastle\\Presentation\VS2010\branding\dev10.mshc/toc-de-DE.xslt -> C:\SandBox\MSBuildCodeMetrics-0.1\doc\Help\Working\branding\toc-de-DE.xslt
    C:\Program Files (x86)\Sandcastle\\Presentation\VS2010\branding\dev10.mshc/toc-en-US.xslt -> C:\SandBox\MSBuildCodeMetrics-0.1\doc\Help\Working\branding\toc-en-US.xslt
    C:\Program Files (x86)\Sandcastle\\Presentation\VS2010\branding\dev10.mshc/toc-es-ES.xslt -> C:\SandBox\MSBuildCodeMetrics-0.1\doc\Help\Working\branding\toc-es-ES.xslt
    C:\Program Files (x86)\Sandcastle\\Presentation\VS2010\branding\dev10.mshc/toc-fr-FR.xslt -> C:\SandBox\MSBuildCodeMetrics-0.1\doc\Help\Working\branding\toc-fr-FR.xslt
    C:\Program Files (x86)\Sandcastle\\Presentation\VS2010\branding\dev10.mshc/toc-it-IT.xslt -> C:\SandBox\MSBuildCodeMetrics-0.1\doc\Help\Working\branding\toc-it-IT.xslt
    C:\Program Files (x86)\Sandcastle\\Presentation\VS2010\branding\dev10.mshc/toc-ja-JP.xslt -> C:\SandBox\MSBuildCodeMetrics-0.1\doc\Help\Working\branding\toc-ja-JP.xslt
    C:\Program Files (x86)\Sandcastle\\Presentation\VS2010\branding\dev10.mshc/toc-ko-KR.xslt -> C:\SandBox\MSBuildCodeMetrics-0.1\doc\Help\Working\branding\toc-ko-KR.xslt
    C:\Program Files (x86)\Sandcastle\\Presentation\VS2010\branding\dev10.mshc/toc-pl-PL.xslt -> C:\SandBox\MSBuildCodeMetrics-0.1\doc\Help\Working\branding\toc-pl-PL.xslt
    C:\Program Files (x86)\Sandcastle\\Presentation\VS2010\branding\dev10.mshc/toc-pt-BR.xslt -> C:\SandBox\MSBuildCodeMetrics-0.1\doc\Help\Working\branding\toc-pt-BR.xslt
    C:\Program Files (x86)\Sandcastle\\Presentation\VS2010\branding\dev10.mshc/toc-ru-RU.xslt -> C:\SandBox\MSBuildCodeMetrics-0.1\doc\Help\Working\branding\toc-ru-RU.xslt
    C:\Program Files (x86)\Sandcastle\\Presentation\VS2010\branding\dev10.mshc/toc-tr-TR.xslt -> C:\SandBox\MSBuildCodeMetrics-0.1\doc\Help\Working\branding\toc-tr-TR.xslt
    C:\Program Files (x86)\Sandcastle\\Presentation\VS2010\branding\dev10.mshc/toc-zh-CN.xslt -> C:\SandBox\MSBuildCodeMetrics-0.1\doc\Help\Working\branding\toc-zh-CN.xslt
    C:\Program Files (x86)\Sandcastle\\Presentation\VS2010\branding\dev10.mshc/toc-zh-TW.xslt -> C:\SandBox\MSBuildCodeMetrics-0.1\doc\Help\Working\branding\toc-zh-TW.xslt
C:\Program Files (x86)\Sandcastle\\Presentation\VS2010\branding -&gt; C:\SandBox\MSBuildCodeMetrics-0.1\doc\Help\Working\Output\Website\branding\
C:\Program Files (x86)\Sandcastle\\Presentation\VS2010\branding -&gt; C:\SandBox\MSBuildCodeMetrics-0.1\doc\Help\Working\branding
    C:\Program Files (x86)\Sandcastle\Presentation\VS2010\branding\branding.xml -> C:\SandBox\MSBuildCodeMetrics-0.1\doc\Help\Working\branding\branding.xml
    C:\Program Files (x86)\Sandcastle\Presentation\VS2010\branding\branding.xslt -> C:\SandBox\MSBuildCodeMetrics-0.1\doc\Help\Working\branding\branding.xslt
    C:\Program Files (x86)\Sandcastle\Presentation\VS2010\branding\branding-cs-CZ.xslt -> C:\SandBox\MSBuildCodeMetrics-0.1\doc\Help\Working\branding\branding-cs-CZ.xslt
    C:\Program Files (x86)\Sandcastle\Presentation\VS2010\branding\branding-de-DE.xslt -> C:\SandBox\MSBuildCodeMetrics-0.1\doc\Help\Working\branding\branding-de-DE.xslt
    C:\Program Files (x86)\Sandcastle\Presentation\VS2010\branding\branding-en-US.xslt -> C:\SandBox\MSBuildCodeMetrics-0.1\doc\Help\Working\branding\branding-en-US.xslt
    C:\Program Files (x86)\Sandcastle\Presentation\VS2010\branding\branding-es-ES.xslt -> C:\SandBox\MSBuildCodeMetrics-0.1\doc\Help\Working\branding\branding-es-ES.xslt
    C:\Program Files (x86)\Sandcastle\Presentation\VS2010\branding\branding-fr-FR.xslt -> C:\SandBox\MSBuildCodeMetrics-0.1\doc\Help\Working\branding\branding-fr-FR.xslt
    C:\Program Files (x86)\Sandcastle\Presentation\VS2010\branding\branding-it-IT.xslt -> C:\SandBox\MSBuildCodeMetrics-0.1\doc\Help\Working\branding\branding-it-IT.xslt
    C:\Program Files (x86)\Sandcastle\Presentation\VS2010\branding\branding-ja-JP.xslt -> C:\SandBox\MSBuildCodeMetrics-0.1\doc\Help\Working\branding\branding-ja-JP.xslt
    C:\Program Files (x86)\Sandcastle\Presentation\VS2010\branding\branding-ko-KR.xslt -> C:\SandBox\MSBuildCodeMetrics-0.1\doc\Help\Working\branding\branding-ko-KR.xslt
    C:\Program Files (x86)\Sandcastle\Presentation\VS2010\branding\branding-pl-PL.xslt -> C:\SandBox\MSBuildCodeMetrics-0.1\doc\Help\Working\branding\branding-pl-PL.xslt
    C:\Program Files (x86)\Sandcastle\Presentation\VS2010\branding\branding-pt-BR.xslt -> C:\SandBox\MSBuildCodeMetrics-0.1\doc\Help\Working\branding\branding-pt-BR.xslt
    C:\Program Files (x86)\Sandcastle\Presentation\VS2010\branding\branding-ru-RU.xslt -> C:\SandBox\MSBuildCodeMetrics-0.1\doc\Help\Working\branding\branding-ru-RU.xslt
    C:\Program Files (x86)\Sandcastle\Presentation\VS2010\branding\branding-tr-TR.xslt -> C:\SandBox\MSBuildCodeMetrics-0.1\doc\Help\Working\branding\branding-tr-TR.xslt
    C:\Program Files (x86)\Sandcastle\Presentation\VS2010\branding\branding-zh-CN.xslt -> C:\SandBox\MSBuildCodeMetrics-0.1\doc\Help\Working\branding\branding-zh-CN.xslt
    C:\Program Files (x86)\Sandcastle\Presentation\VS2010\branding\branding-zh-TW.xslt -> C:\SandBox\MSBuildCodeMetrics-0.1\doc\Help\Working\branding\branding-zh-TW.xslt
    C:\Program Files (x86)\Sandcastle\Presentation\VS2010\branding\ps-body.xslt -> C:\SandBox\MSBuildCodeMetrics-0.1\doc\Help\Working\branding\ps-body.xslt
    C:\Program Files (x86)\Sandcastle\Presentation\VS2010\branding\ps-head.xslt -> C:\SandBox\MSBuildCodeMetrics-0.1\doc\Help\Working\branding\ps-head.xslt
    C:\Program Files (x86)\Sandcastle\Presentation\VS2010\branding\ps-foot.xslt -> C:\SandBox\MSBuildCodeMetrics-0.1\doc\Help\Working\branding\ps-foot.xslt
    C:\Program Files (x86)\Sandcastle\Presentation\VS2010\branding\ps-collapsibleArea.xslt -> C:\SandBox\MSBuildCodeMetrics-0.1\doc\Help\Working\branding\ps-collapsibleArea.xslt
    C:\Program Files (x86)\Sandcastle\Presentation\VS2010\branding\ps-instrumentedLink.xslt -> C:\SandBox\MSBuildCodeMetrics-0.1\doc\Help\Working\branding\ps-instrumentedLink.xslt
    C:\Program Files (x86)\Sandcastle\Presentation\VS2010\branding\ps-languageSpecificText.xslt -> C:\SandBox\MSBuildCodeMetrics-0.1\doc\Help\Working\branding\ps-languageSpecificText.xslt
    C:\Program Files (x86)\Sandcastle\Presentation\VS2010\branding\ps-codesnippet.xslt -> C:\SandBox\MSBuildCodeMetrics-0.1\doc\Help\Working\branding\ps-codesnippet.xslt
    Last step completed in 00:00:00.3380
</buildStep>
<buildStep step="CopyConceptualContent">
Copying conceptual content...
Copying standard token shared content file...
Checking for other token files...
Checking for code snippets files...
Copying images and creating the media map file...
Generating conceptual topic files
    Parsing topic file &#39;C:\SandBox\MSBuildCodeMetrics-0.1\doc\Introduction.aml&#39;
    C:\SandBox\MSBuildCodeMetrics-0.1\doc\Introduction.aml -&gt; C:\SandBox\MSBuildCodeMetrics-0.1\doc\Help\Working\ddueXml\372d1402-e2c8-4936-901c-a1e49cb60a79.xml
    Parsing topic file &#39;C:\SandBox\MSBuildCodeMetrics-0.1\doc\Version History.aml&#39;
    C:\SandBox\MSBuildCodeMetrics-0.1\doc\Version History.aml -&gt; C:\SandBox\MSBuildCodeMetrics-0.1\doc\Help\Working\ddueXml\4bb83cb3-190e-4edc-922a-6495dc422384.xml
    Parsing topic file &#39;C:\SandBox\MSBuildCodeMetrics-0.1\doc\License Agreement.aml&#39;
    C:\SandBox\MSBuildCodeMetrics-0.1\doc\License Agreement.aml -&gt; C:\SandBox\MSBuildCodeMetrics-0.1\doc\Help\Working\ddueXml\424c2a81-c128-4247-bceb-0075dc6410ba.xml
    Parsing topic file &#39;C:\SandBox\MSBuildCodeMetrics-0.1\doc\Code Metrics.aml&#39;
    C:\SandBox\MSBuildCodeMetrics-0.1\doc\Code Metrics.aml -&gt; C:\SandBox\MSBuildCodeMetrics-0.1\doc\Help\Working\ddueXml\10b3b272-8a54-44b5-87d4-31d4dd6f17c5.xml
    Parsing topic file &#39;C:\SandBox\MSBuildCodeMetrics-0.1\doc\Overview of MSBuildCodeMetrics.aml&#39;
    C:\SandBox\MSBuildCodeMetrics-0.1\doc\Overview of MSBuildCodeMetrics.aml -&gt; C:\SandBox\MSBuildCodeMetrics-0.1\doc\Help\Working\ddueXml\51853db9-9896-4ae6-8f08-faf35976b24f.xml
    Parsing topic file &#39;C:\SandBox\MSBuildCodeMetrics-0.1\doc\Extending MSBuildCodeMetrics.aml&#39;
    C:\SandBox\MSBuildCodeMetrics-0.1\doc\Extending MSBuildCodeMetrics.aml -&gt; C:\SandBox\MSBuildCodeMetrics-0.1\doc\Help\Working\ddueXml\3ecf2730-1bfa-44fd-8e0b-50c06ca337e4.xml
    Parsing topic file &#39;C:\SandBox\MSBuildCodeMetrics-0.1\doc\Using CodeMetrics Task.aml&#39;
    C:\SandBox\MSBuildCodeMetrics-0.1\doc\Using CodeMetrics Task.aml -&gt; C:\SandBox\MSBuildCodeMetrics-0.1\doc\Help\Working\ddueXml\00f2f10a-dc3f-4fc5-ad5e-003e47af9fb1.xml
    Parsing topic file &#39;C:\SandBox\MSBuildCodeMetrics-0.1\doc\Assembly Reference.aml&#39;
    C:\SandBox\MSBuildCodeMetrics-0.1\doc\Assembly Reference.aml -&gt; C:\SandBox\MSBuildCodeMetrics-0.1\doc\Help\Working\ddueXml\aca7582f-4ced-4307-99fe-5bd566b6e9bf.xml
    Last step completed in 00:00:00.0880
</buildStep>
<buildStep step="CreateConceptualTopicConfigs">
Creating conceptual topic configuration files...
    Companion files
    _ContentMetadata_.xml
    ConceptualManifest.xml
    Last step completed in 00:00:00.0190
</buildStep>
<buildStep step="CopyAdditionalContent">
Copying additional content files...
No additional content to copy
    Last step completed in 00:00:00.0030
</buildStep>
<buildStep step="MergeTablesOfContents">
Merging conceptual and additional tables of contents...
    Last step completed in 00:00:00.0050
</buildStep>
<buildStep step="GenerateIntermediateTableOfContents">
Generating intermediate table of contents file...
[c:\windows\Microsoft.NET\Framework\v4.0.30319\MSBuild.exe]
  XslTransform (v2.7.3.0)
  Copyright &#169; 2006-2013, Microsoft Corporation, All Rights Reserved.
  Portions Copyright &#169; 2006-2013, Eric Woodruff, All Rights Reserved.
  Info: Applying XSL transformation &#39;C:\Program Files (x86)\Sandcastle\\ProductionTransforms\CreateVSToc.xsl&#39;.
Generating conceptual content intermediate TOC file...
    Last step completed in 00:00:00.4590
</buildStep>
<buildStep step="CreateBuildAssemblerConfigs">
Creating Sandcastle configuration files...
    sandcastle.config
    conceptual.config
    Last step completed in 00:00:00.6820
</buildStep>
<buildStep step="MergeCustomConfigs">
Merging custom build component configurations
C:\SandBox\MSBuildCodeMetrics-0.1\doc\Help\Working\sandcastle.config
C:\SandBox\MSBuildCodeMetrics-0.1\doc\Help\Working\conceptual.config
    Removing unused ExampleComponent.
    Last step completed in 00:00:00.0990
</buildStep>
<buildStep step="BuildConceptualTopics">
Building conceptual help topics...
[c:\windows\Microsoft.NET\Framework\v4.0.30319\MSBuild.exe]
  BuildAssembler (v2.7.3.0)
  Copyright &#169; 2006-2013, Microsoft Corporation, All Rights Reserved.
  Portions Copyright &#169; 2006-2013, Eric Woodruff, All Rights Reserved.
  Info: Loading configuration...
  Info: Processing topics...
  Warn: SharedContentComponent: [aca7582f-4ced-4307-99fe-5bd566b6e9bf] Missing shared content item. Tag: &#39;includeAttribute&#39;; Id:&#39;meta_mshelp_topicType_codeEntityDocument&#39;.
  Warn: SharedContentComponent: [aca7582f-4ced-4307-99fe-5bd566b6e9bf] Missing shared content item. Tag: &#39;includeAttribute&#39;; Id:&#39;meta_mshelp_topicType_codeEntityDocument&#39;.
  Info: Processed 8 topic(s)
  Info: 2 warning(s)
  Diagnostic: CopyFromIndexComponent: &quot;metadata&quot; in-memory cache entries used: 1 of 15.
    Last step completed in 00:00:05.8133
</buildStep>
<buildStep step="BuildReferenceTopics">
Building reference help topics...
[c:\windows\Microsoft.NET\Framework\v4.0.30319\MSBuild.exe]
  BuildAssembler (v2.7.3.0)
  Copyright &#169; 2006-2013, Microsoft Corporation, All Rights Reserved.
  Portions Copyright &#169; 2006-2013, Eric Woodruff, All Rights Reserved.
  Info: Loading configuration...
  Info: Processing topics...
  Warn: ShowMissingComponent: [N:MSBuildCodeMetrics.VisualStudioMetrics] Missing &lt;summary&gt; documentation
  Warn: ShowMissingComponent: [T:MSBuildCodeMetrics.VisualStudioMetrics.VisualStudioCodeMetricsProvider] Missing &lt;summary&gt; documentation
  Warn: ShowMissingComponent: [M:MSBuildCodeMetrics.VisualStudioMetrics.VisualStudioCodeMetricsProvider.#ctor(System.String,System.String)] Missing &lt;param name=&quot;metricsExePath&quot;/&gt; documentation
  Warn: ShowMissingComponent: [M:MSBuildCodeMetrics.VisualStudioMetrics.VisualStudioCodeMetricsProvider.#ctor(System.String,System.String)] Missing &lt;param name=&quot;tempDir&quot;/&gt; documentation
  Warn: ShowMissingComponent: [M:MSBuildCodeMetrics.VisualStudioMetrics.VisualStudioCodeMetricsProvider.AddMetadata(System.String,System.String)] Missing &lt;summary&gt; documentation
  Warn: ShowMissingComponent: [M:MSBuildCodeMetrics.VisualStudioMetrics.VisualStudioCodeMetricsProvider.AddMetadata(System.String,System.String)] Missing &lt;param name=&quot;name&quot;/&gt; documentation
  Warn: ShowMissingComponent: [M:MSBuildCodeMetrics.VisualStudioMetrics.VisualStudioCodeMetricsProvider.AddMetadata(System.String,System.String)] Missing &lt;param name=&quot;value&quot;/&gt; documentation
  Warn: ShowMissingComponent: [M:MSBuildCodeMetrics.VisualStudioMetrics.VisualStudioCodeMetricsProvider.ComputeMetrics(System.Collections.Generic.IEnumerable{{System.String}},System.String)] Missing &lt;summary&gt; documentation
  Warn: ShowMissingComponent: [M:MSBuildCodeMetrics.VisualStudioMetrics.VisualStudioCodeMetricsProvider.ComputeMetrics(System.Collections.Generic.IEnumerable{{System.String}},System.String)] Missing &lt;returns&gt; documentation
  Warn: ShowMissingComponent: [M:MSBuildCodeMetrics.VisualStudioMetrics.VisualStudioCodeMetricsProvider.ComputeMetrics(System.Collections.Generic.IEnumerable{{System.String}},System.String)] Missing &lt;param name=&quot;metricsToCompute&quot;/&gt; documentation
  Warn: ShowMissingComponent: [M:MSBuildCodeMetrics.VisualStudioMetrics.VisualStudioCodeMetricsProvider.ComputeMetrics(System.Collections.Generic.IEnumerable{{System.String}},System.String)] Missing &lt;param name=&quot;fileName&quot;/&gt; documentation
  Warn: ShowMissingComponent: [M:MSBuildCodeMetrics.VisualStudioMetrics.VisualStudioCodeMetricsProvider.GetMetrics] Missing &lt;summary&gt; documentation
  Warn: ShowMissingComponent: [M:MSBuildCodeMetrics.VisualStudioMetrics.VisualStudioCodeMetricsProvider.GetMetrics] Missing &lt;returns&gt; documentation
  Warn: ShowMissingComponent: [P:MSBuildCodeMetrics.VisualStudioMetrics.VisualStudioCodeMetricsProvider.Name] Missing &lt;summary&gt; documentation
  Warn: ShowMissingComponent: [M:MSBuildCodeMetrics.VisualStudioMetrics.VisualStudioCodeMetricsProvider.SetLogger(MSBuildCodeMetrics.Core.ILogger)] Missing &lt;summary&gt; documentation
  Warn: ShowMissingComponent: [M:MSBuildCodeMetrics.VisualStudioMetrics.VisualStudioCodeMetricsProvider.SetLogger(MSBuildCodeMetrics.Core.ILogger)] Missing &lt;param name=&quot;logger&quot;/&gt; documentation
  Warn: ShowMissingComponent: [N:MSBuildCodeMetrics.VisualStudioMetrics.XML] Missing &lt;summary&gt; documentation
  Warn: ShowMissingComponent: [T:MSBuildCodeMetrics.VisualStudioMetrics.XML.CodeMetricsReport] Missing &lt;summary&gt; documentation
  Warn: ShowMissingComponent: [M:MSBuildCodeMetrics.VisualStudioMetrics.XML.CodeMetricsReport.Deserialize(System.IO.Stream)] Missing &lt;summary&gt; documentation
  Warn: ShowMissingComponent: [M:MSBuildCodeMetrics.VisualStudioMetrics.XML.CodeMetricsReport.Deserialize(System.IO.Stream)] Missing &lt;returns&gt; documentation
  Warn: ShowMissingComponent: [M:MSBuildCodeMetrics.VisualStudioMetrics.XML.CodeMetricsReport.Deserialize(System.IO.Stream)] Missing &lt;param name=&quot;inputStream&quot;/&gt; documentation
  Warn: ShowMissingComponent: [P:MSBuildCodeMetrics.VisualStudioMetrics.XML.CodeMetricsReport.Targets] Missing &lt;summary&gt; documentation
  Warn: ShowMissingComponent: [P:MSBuildCodeMetrics.VisualStudioMetrics.XML.CodeMetricsReport.Version] Missing &lt;summary&gt; documentation
  Warn: ShowMissingComponent: [T:MSBuildCodeMetrics.VisualStudioMetrics.XML.MemberReport] Missing &lt;summary&gt; documentation
  Warn: ShowMissingComponent: [P:MSBuildCodeMetrics.VisualStudioMetrics.XML.MemberReport.File] Missing &lt;summary&gt; documentation
  Warn: ShowMissingComponent: [P:MSBuildCodeMetrics.VisualStudioMetrics.XML.MemberReport.Line] Missing &lt;summary&gt; documentation
  Warn: ShowMissingComponent: [P:MSBuildCodeMetrics.VisualStudioMetrics.XML.MemberReport.Metrics] Missing &lt;summary&gt; documentation
  Warn: ShowMissingComponent: [P:MSBuildCodeMetrics.VisualStudioMetrics.XML.MemberReport.MetricsList] Missing &lt;summary&gt; documentation
  Warn: ShowMissingComponent: [P:MSBuildCodeMetrics.VisualStudioMetrics.XML.MemberReport.Name] Missing &lt;summary&gt; documentation
  Warn: ShowMissingComponent: [P:MSBuildCodeMetrics.VisualStudioMetrics.XML.MemberReport.Type] Missing &lt;summary&gt; documentation
  Warn: ShowMissingComponent: [T:MSBuildCodeMetrics.VisualStudioMetrics.XML.MetricReport] Missing &lt;summary&gt; documentation
  Warn: ShowMissingComponent: [P:MSBuildCodeMetrics.VisualStudioMetrics.XML.MetricReport.Name] Missing &lt;summary&gt; documentation
  Warn: ShowMissingComponent: [P:MSBuildCodeMetrics.VisualStudioMetrics.XML.MetricReport.Value] Missing &lt;summary&gt; documentation
  Warn: ShowMissingComponent: [T:MSBuildCodeMetrics.VisualStudioMetrics.XML.MetricsReport] Missing &lt;summary&gt; documentation
  Warn: ShowMissingComponent: [M:MSBuildCodeMetrics.VisualStudioMetrics.XML.MetricsReport.#ctor(System.Collections.Generic.List{{MSBuildCodeMetrics.VisualStudioMetrics.XML.MetricReport}})] Missing &lt;param name=&quot;l&quot;/&gt; documentation
  Warn: ShowMissingComponent: [P:MSBuildCodeMetrics.VisualStudioMetrics.XML.MetricsReport.ClassCoupling] Missing &lt;summary&gt; documentation
  Warn: ShowMissingComponent: [P:MSBuildCodeMetrics.VisualStudioMetrics.XML.MetricsReport.CyclomaticComplexity] Missing &lt;summary&gt; documentation
  Warn: ShowMissingComponent: [P:MSBuildCodeMetrics.VisualStudioMetrics.XML.MetricsReport.DepthOfInheritance] Missing &lt;summary&gt; documentation
  Warn: ShowMissingComponent: [P:MSBuildCodeMetrics.VisualStudioMetrics.XML.MetricsReport.LinesOfCode] Missing &lt;summary&gt; documentation
  Warn: ShowMissingComponent: [P:MSBuildCodeMetrics.VisualStudioMetrics.XML.MetricsReport.MaintainabilityIndex] Missing &lt;summary&gt; documentation
  Warn: ShowMissingComponent: [T:MSBuildCodeMetrics.VisualStudioMetrics.XML.ModuleReport] Missing &lt;summary&gt; documentation
  Warn: ShowMissingComponent: [P:MSBuildCodeMetrics.VisualStudioMetrics.XML.ModuleReport.AssemblyVersion] Missing &lt;summary&gt; documentation
  Warn: ShowMissingComponent: [P:MSBuildCodeMetrics.VisualStudioMetrics.XML.ModuleReport.FileVersion] Missing &lt;summary&gt; documentation
  Warn: ShowMissingComponent: [M:MSBuildCodeMetrics.VisualStudioMetrics.XML.ModuleReport.GetAllMembers] Missing &lt;summary&gt; documentation
  Warn: ShowMissingComponent: [M:MSBuildCodeMetrics.VisualStudioMetrics.XML.ModuleReport.GetAllMembers] Missing &lt;returns&gt; documentation
  Warn: ShowMissingComponent: [P:MSBuildCodeMetrics.VisualStudioMetrics.XML.ModuleReport.Metrics] Missing &lt;summary&gt; documentation
  Warn: ShowMissingComponent: [P:MSBuildCodeMetrics.VisualStudioMetrics.XML.ModuleReport.MetricsList] Missing &lt;summary&gt; documentation
  Warn: ShowMissingComponent: [P:MSBuildCodeMetrics.VisualStudioMetrics.XML.ModuleReport.Name] Missing &lt;summary&gt; documentation
  Warn: ShowMissingComponent: [P:MSBuildCodeMetrics.VisualStudioMetrics.XML.ModuleReport.Namespaces] Missing &lt;summary&gt; documentation
  Warn: ShowMissingComponent: [T:MSBuildCodeMetrics.VisualStudioMetrics.XML.NamespaceReport] Missing &lt;summary&gt; documentation
  Warn: ShowMissingComponent: [P:MSBuildCodeMetrics.VisualStudioMetrics.XML.NamespaceReport.Metrics] Missing &lt;summary&gt; documentation
  Warn: ShowMissingComponent: [P:MSBuildCodeMetrics.VisualStudioMetrics.XML.NamespaceReport.MetricsList] Missing &lt;summary&gt; documentation
  Warn: ShowMissingComponent: [P:MSBuildCodeMetrics.VisualStudioMetrics.XML.NamespaceReport.Module] Missing &lt;summary&gt; documentation
  Warn: ShowMissingComponent: [P:MSBuildCodeMetrics.VisualStudioMetrics.XML.NamespaceReport.Name] Missing &lt;summary&gt; documentation
  Warn: ShowMissingComponent: [P:MSBuildCodeMetrics.VisualStudioMetrics.XML.NamespaceReport.Types] Missing &lt;summary&gt; documentation
  Warn: ShowMissingComponent: [T:MSBuildCodeMetrics.VisualStudioMetrics.XML.TargetReport] Missing &lt;summary&gt; documentation
  Warn: ShowMissingComponent: [P:MSBuildCodeMetrics.VisualStudioMetrics.XML.TargetReport.Modules] Missing &lt;summary&gt; documentation
  Warn: ShowMissingComponent: [P:MSBuildCodeMetrics.VisualStudioMetrics.XML.TargetReport.Name] Missing &lt;summary&gt; documentation
  Warn: ShowMissingComponent: [T:MSBuildCodeMetrics.VisualStudioMetrics.XML.TypeReport] Missing &lt;summary&gt; documentation
  Warn: ShowMissingComponent: [P:MSBuildCodeMetrics.VisualStudioMetrics.XML.TypeReport.Members] Missing &lt;summary&gt; documentation
  Warn: ShowMissingComponent: [P:MSBuildCodeMetrics.VisualStudioMetrics.XML.TypeReport.Metrics] Missing &lt;summary&gt; documentation
  Warn: ShowMissingComponent: [P:MSBuildCodeMetrics.VisualStudioMetrics.XML.TypeReport.MetricsList] Missing &lt;summary&gt; documentation
  Warn: ShowMissingComponent: [P:MSBuildCodeMetrics.VisualStudioMetrics.XML.TypeReport.Name] Missing &lt;summary&gt; documentation
  Warn: ShowMissingComponent: [P:MSBuildCodeMetrics.VisualStudioMetrics.XML.TypeReport.Namespace] Missing &lt;summary&gt; documentation
  Info: Processed 376 topic(s)
  Info: 64 warning(s)
  Diagnostic: CopyFromIndexComponent: &quot;reflection&quot; in-memory cache entries used: 6 of 15.
  Diagnostic: CopyFromIndexComponent: &quot;comments&quot; in-memory cache entries used: 6 of 30.
    Last step completed in 00:00:20.1172
</buildStep>
<buildStep step="CombiningIntermediateTocFiles">
Combining conceptual and API intermediate TOC files...

Clearing any prior web output
    Last step completed in 00:00:00.0200
</buildStep>
<buildStep step="ExtractingHtmlInfo">
Extracting HTML info for HTML Help 1 and/or website...
[c:\windows\Microsoft.NET\Framework\v4.0.30319\MSBuild.exe]
Sandcastle Help File Builder, version 1.9.7.0
Copyright &#169; 2006-2013, Eric Woodruff, All Rights Reserved
E-Mail: Eric@EWoodruff.us

Using LCID &#39;1033&#39;, code page &#39;65001&#39;, encoding charset &#39;UTF-8&#39;.

Processing Help 1 files in C:\SandBox\MSBuildCodeMetrics-0.1\doc\Help\Working\Output\HtmlHelp1
Processed 384 HTML files
Sorting keywords and generating See Also indices
Saving HTML Help 1 keyword index to C:\SandBox\MSBuildCodeMetrics-0.1\doc\Help\Working\MSBuildCodeMetrics.hhk
Saving HTML Help 1 table of contents to C:\SandBox\MSBuildCodeMetrics-0.1\doc\Help\Working\MSBuildCodeMetrics.hhc

Processing website files in C:\SandBox\MSBuildCodeMetrics-0.1\doc\Help\Working\Output\Website
Processed 384 HTML files
Sorting keywords and generating See Also indices
Saving website keyword index to C:\SandBox\MSBuildCodeMetrics-0.1\doc\Help\Working\WebKI.xml
Saving website table of contents to C:\SandBox\MSBuildCodeMetrics-0.1\doc\Help\Working\WebTOC.xml
    Last step completed in 00:00:06.5264
</buildStep>
<buildStep step="GenerateHelpFormatTableOfContents">
Generating HTML Help 1 table of contents file...
    Last step completed in 00:00:00.0010
</buildStep>
<buildStep step="GenerateHelpFileIndex">
Generating HTML Help 1 index file...
    Last step completed in 00:00:00.0000
</buildStep>
<buildStep step="GenerateHelpProject">
Generating HTML Help 1 project file...
    Last step completed in 00:00:00.0070
</buildStep>
<buildStep step="CompilingHelpFile">
Compiling HTML Help 1 file...
[c:\windows\Microsoft.NET\Framework\v4.0.30319\MSBuild.exe]
  Microsoft HTML Help Compiler 4.74.8702
  
  
  
  Compiling c:\SandBox\MSBuildCodeMetrics-0.1\doc\Help\Working\Output\HtmlHelp1\MSBuildCodeMetrics.chm
  
  
  
  
  
  Compile time: 0 minutes, 7 seconds
  
  386	Topics
  
  4,370	Local links
  
  3,375	Internet links
  
  0	Graphics
  
  
  
  
  
  Created c:\SandBox\MSBuildCodeMetrics-0.1\doc\Help\Working\Output\HtmlHelp1\MSBuildCodeMetrics.chm, 635,703 bytes
  
  Compression decreased file by 4,057,872 bytes.
  
    Last step completed in 00:00:08.0445
</buildStep>
<buildStep step="GenerateHelpFormatTableOfContents">
Generating website table of contents file...
    Last step completed in 00:00:00.0010
</buildStep>
<buildStep step="GenerateFullTextIndex">
Generating full-text index for the website...

    Last step completed in 00:00:03.8482
</buildStep>
<buildStep step="CopyingWebsiteFiles">
Copying website files to output folder...

Copied 100 files
Copied 200 files
Copied 300 files
Copied 400 files
Copied 483 files for the website content
    Last step completed in 00:00:00.8090
</buildStep>
<buildStep step="CleanIntermediates">
Removing intermediate files...
    Last step completed in 00:00:00.7690
</buildStep>
<buildStep step="Completed">

Build completed successfully at 05/19/2013 05:14 .  Total time: 00:00:50,8249

</buildStep>
</shfbBuild>
